The system is: Linux - 4.4.0-112-generic - x86_64
Compiling the C compiler identification source file "CMakeCCompilerId.c" succeeded.
Compiler: /usr/bin/cc 
Build flags: 
Id flags: 

The output was:
0


Compilation of the C compiler identification source "CMakeCCompilerId.c" produced "a.out"

The C compiler identification is GNU, found in "/home/haomeng/projects/MyOpenMP/openmp/build/CMakeFiles/3.5.1/CompilerIdC/a.out"

Compiling the CXX compiler identification source file "CMakeCXXCompilerId.cpp" succeeded.
Compiler: /usr/bin/c++ 
Build flags: 
Id flags: 

The output was:
0


Compilation of the CXX compiler identification source "CMakeCXXCompilerId.cpp" produced "a.out"

The CXX compiler identification is GNU, found in "/home/haomeng/projects/MyOpenMP/openmp/build/CMakeFiles/3.5.1/CompilerIdCXX/a.out"

Determining if the C compiler works passed with the following output:
Change Dir: /home/haomeng/projects/MyOpenMP/openmp/build/CMakeFiles/CMakeTmp

Run Build Command:"/usr/bin/make" "cmTC_3d345/fast"
/usr/bin/make -f CMakeFiles/cmTC_3d345.dir/build.make CMakeFiles/cmTC_3d345.dir/build
make[1]: Entering directory '/home/haomeng/projects/MyOpenMP/openmp/build/CMakeFiles/CMakeTmp'
Building C object CMakeFiles/cmTC_3d345.dir/testCCompiler.c.o
/usr/bin/cc     -o CMakeFiles/cmTC_3d345.dir/testCCompiler.c.o   -c /home/haomeng/projects/MyOpenMP/openmp/build/CMakeFiles/CMakeTmp/testCCompiler.c
Linking C executable cmTC_3d345
/usr/bin/cmake -E cmake_link_script CMakeFiles/cmTC_3d345.dir/link.txt --verbose=1
/usr/bin/cc       CMakeFiles/cmTC_3d345.dir/testCCompiler.c.o  -o cmTC_3d345 -rdynamic 
make[1]: Leaving directory '/home/haomeng/projects/MyOpenMP/openmp/build/CMakeFiles/CMakeTmp'


Detecting C compiler ABI info compiled with the following output:
Change Dir: /home/haomeng/projects/MyOpenMP/openmp/build/CMakeFiles/CMakeTmp

Run Build Command:"/usr/bin/make" "cmTC_78afd/fast"
/usr/bin/make -f CMakeFiles/cmTC_78afd.dir/build.make CMakeFiles/cmTC_78afd.dir/build
make[1]: Entering directory '/home/haomeng/projects/MyOpenMP/openmp/build/CMakeFiles/CMakeTmp'
Building C object CMakeFiles/cmTC_78afd.dir/CMakeCCompilerABI.c.o
/usr/bin/cc     -o CMakeFiles/cmTC_78afd.dir/CMakeCCompilerABI.c.o   -c /usr/share/cmake-3.5/Modules/CMakeCCompilerABI.c
Linking C executable cmTC_78afd
/usr/bin/cmake -E cmake_link_script CMakeFiles/cmTC_78afd.dir/link.txt --verbose=1
/usr/bin/cc      -v CMakeFiles/cmTC_78afd.dir/CMakeCCompilerABI.c.o  -o cmTC_78afd -rdynamic  
Using built-in specs.
COLLECT_GCC=/usr/bin/cc
COLLECT_LTO_WRAPPER=/usr/lib/gcc/x86_64-linux-gnu/5/lto-wrapper
Target: x86_64-linux-gnu
Configured with: ../src/configure -v --with-pkgversion='Ubuntu 5.4.0-6ubuntu1~16.04.9' --with-bugurl=file:///usr/share/doc/gcc-5/README.Bugs --enable-languages=c,ada,c++,java,go,d,fortran,objc,obj-c++ --prefix=/usr --program-suffix=-5 --enable-shared --enable-linker-build-id --libexecdir=/usr/lib --without-included-gettext --enable-threads=posix --libdir=/usr/lib --enable-nls --with-sysroot=/ --enable-clocale=gnu --enable-libstdcxx-debug --enable-libstdcxx-time=yes --with-default-libstdcxx-abi=new --enable-gnu-unique-object --disable-vtable-verify --enable-libmpx --enable-plugin --with-system-zlib --disable-browser-plugin --enable-java-awt=gtk --enable-gtk-cairo --with-java-home=/usr/lib/jvm/java-1.5.0-gcj-5-amd64/jre --enable-java-home --with-jvm-root-dir=/usr/lib/jvm/java-1.5.0-gcj-5-amd64 --with-jvm-jar-dir=/usr/lib/jvm-exports/java-1.5.0-gcj-5-amd64 --with-arch-directory=amd64 --with-ecj-jar=/usr/share/java/eclipse-ecj.jar --enable-objc-gc --enable-multiarch --disable-werror --with-arch-32=i686 --with-abi=m64 --with-multilib-list=m32,m64,mx32 --enable-multilib --with-tune=generic --enable-checking=release --build=x86_64-linux-gnu --host=x86_64-linux-gnu --target=x86_64-linux-gnu
Thread model: posix
gcc version 5.4.0 20160609 (Ubuntu 5.4.0-6ubuntu1~16.04.9) 
COMPILER_PATH=/usr/lib/gcc/x86_64-linux-gnu/5/:/usr/lib/gcc/x86_64-linux-gnu/5/:/usr/lib/gcc/x86_64-linux-gnu/:/usr/lib/gcc/x86_64-linux-gnu/5/:/usr/lib/gcc/x86_64-linux-gnu/
LIBRARY_PATH=/usr/lib/gcc/x86_64-linux-gnu/5/:/usr/lib/gcc/x86_64-linux-gnu/5/../../../x86_64-linux-gnu/:/usr/lib/gcc/x86_64-linux-gnu/5/../../../../lib/:/lib/x86_64-linux-gnu/:/lib/../lib/:/usr/lib/x86_64-linux-gnu/:/usr/lib/../lib/:/usr/lib/gcc/x86_64-linux-gnu/5/../../../:/lib/:/usr/lib/
COLLECT_GCC_OPTIONS='-v' '-o' 'cmTC_78afd' '-rdynamic' '-mtune=generic' '-march=x86-64'
 /usr/lib/gcc/x86_64-linux-gnu/5/collect2 -plugin /usr/lib/gcc/x86_64-linux-gnu/5/liblto_plugin.so -plugin-opt=/usr/lib/gcc/x86_64-linux-gnu/5/lto-wrapper -plugin-opt=-fresolution=/tmp/ccbNIZCO.res -plugin-opt=-pass-through=-lgcc -plugin-opt=-pass-through=-lgcc_s -plugin-opt=-pass-through=-lc -plugin-opt=-pass-through=-lgcc -plugin-opt=-pass-through=-lgcc_s --sysroot=/ --build-id --eh-frame-hdr -m elf_x86_64 --hash-style=gnu --as-needed -export-dynamic -dynamic-linker /lib64/ld-linux-x86-64.so.2 -z relro -o cmTC_78afd /usr/lib/gcc/x86_64-linux-gnu/5/../../../x86_64-linux-gnu/crt1.o /usr/lib/gcc/x86_64-linux-gnu/5/../../../x86_64-linux-gnu/crti.o /usr/lib/gcc/x86_64-linux-gnu/5/crtbegin.o -L/usr/lib/gcc/x86_64-linux-gnu/5 -L/usr/lib/gcc/x86_64-linux-gnu/5/../../../x86_64-linux-gnu -L/usr/lib/gcc/x86_64-linux-gnu/5/../../../../lib -L/lib/x86_64-linux-gnu -L/lib/../lib -L/usr/lib/x86_64-linux-gnu -L/usr/lib/../lib -L/usr/lib/gcc/x86_64-linux-gnu/5/../../.. CMakeFiles/cmTC_78afd.dir/CMakeCCompilerABI.c.o -lgcc --as-needed -lgcc_s --no-as-needed -lc -lgcc --as-needed -lgcc_s --no-as-needed /usr/lib/gcc/x86_64-linux-gnu/5/crtend.o /usr/lib/gcc/x86_64-linux-gnu/5/../../../x86_64-linux-gnu/crtn.o
make[1]: Leaving directory '/home/haomeng/projects/MyOpenMP/openmp/build/CMakeFiles/CMakeTmp'


Parsed C implicit link information from above output:
  link line regex: [^( *|.*[/\])(ld|([^/\]+-)?ld|collect2)[^/\]*( |$)]
  ignore line: [Change Dir: /home/haomeng/projects/MyOpenMP/openmp/build/CMakeFiles/CMakeTmp]
  ignore line: []
  ignore line: [Run Build Command:"/usr/bin/make" "cmTC_78afd/fast"]
  ignore line: [/usr/bin/make -f CMakeFiles/cmTC_78afd.dir/build.make CMakeFiles/cmTC_78afd.dir/build]
  ignore line: [make[1]: Entering directory '/home/haomeng/projects/MyOpenMP/openmp/build/CMakeFiles/CMakeTmp']
  ignore line: [Building C object CMakeFiles/cmTC_78afd.dir/CMakeCCompilerABI.c.o]
  ignore line: [/usr/bin/cc     -o CMakeFiles/cmTC_78afd.dir/CMakeCCompilerABI.c.o   -c /usr/share/cmake-3.5/Modules/CMakeCCompilerABI.c]
  ignore line: [Linking C executable cmTC_78afd]
  ignore line: [/usr/bin/cmake -E cmake_link_script CMakeFiles/cmTC_78afd.dir/link.txt --verbose=1]
  ignore line: [/usr/bin/cc      -v CMakeFiles/cmTC_78afd.dir/CMakeCCompilerABI.c.o  -o cmTC_78afd -rdynamic  ]
  ignore line: [Using built-in specs.]
  ignore line: [COLLECT_GCC=/usr/bin/cc]
  ignore line: [COLLECT_LTO_WRAPPER=/usr/lib/gcc/x86_64-linux-gnu/5/lto-wrapper]
  ignore line: [Target: x86_64-linux-gnu]
  ignore line: [Configured with: ../src/configure -v --with-pkgversion='Ubuntu 5.4.0-6ubuntu1~16.04.9' --with-bugurl=file:///usr/share/doc/gcc-5/README.Bugs --enable-languages=c,ada,c++,java,go,d,fortran,objc,obj-c++ --prefix=/usr --program-suffix=-5 --enable-shared --enable-linker-build-id --libexecdir=/usr/lib --without-included-gettext --enable-threads=posix --libdir=/usr/lib --enable-nls --with-sysroot=/ --enable-clocale=gnu --enable-libstdcxx-debug --enable-libstdcxx-time=yes --with-default-libstdcxx-abi=new --enable-gnu-unique-object --disable-vtable-verify --enable-libmpx --enable-plugin --with-system-zlib --disable-browser-plugin --enable-java-awt=gtk --enable-gtk-cairo --with-java-home=/usr/lib/jvm/java-1.5.0-gcj-5-amd64/jre --enable-java-home --with-jvm-root-dir=/usr/lib/jvm/java-1.5.0-gcj-5-amd64 --with-jvm-jar-dir=/usr/lib/jvm-exports/java-1.5.0-gcj-5-amd64 --with-arch-directory=amd64 --with-ecj-jar=/usr/share/java/eclipse-ecj.jar --enable-objc-gc --enable-multiarch --disable-werror --with-arch-32=i686 --with-abi=m64 --with-multilib-list=m32,m64,mx32 --enable-multilib --with-tune=generic --enable-checking=release --build=x86_64-linux-gnu --host=x86_64-linux-gnu --target=x86_64-linux-gnu]
  ignore line: [Thread model: posix]
  ignore line: [gcc version 5.4.0 20160609 (Ubuntu 5.4.0-6ubuntu1~16.04.9) ]
  ignore line: [COMPILER_PATH=/usr/lib/gcc/x86_64-linux-gnu/5/:/usr/lib/gcc/x86_64-linux-gnu/5/:/usr/lib/gcc/x86_64-linux-gnu/:/usr/lib/gcc/x86_64-linux-gnu/5/:/usr/lib/gcc/x86_64-linux-gnu/]
  ignore line: [LIBRARY_PATH=/usr/lib/gcc/x86_64-linux-gnu/5/:/usr/lib/gcc/x86_64-linux-gnu/5/../../../x86_64-linux-gnu/:/usr/lib/gcc/x86_64-linux-gnu/5/../../../../lib/:/lib/x86_64-linux-gnu/:/lib/../lib/:/usr/lib/x86_64-linux-gnu/:/usr/lib/../lib/:/usr/lib/gcc/x86_64-linux-gnu/5/../../../:/lib/:/usr/lib/]
  ignore line: [COLLECT_GCC_OPTIONS='-v' '-o' 'cmTC_78afd' '-rdynamic' '-mtune=generic' '-march=x86-64']
  link line: [ /usr/lib/gcc/x86_64-linux-gnu/5/collect2 -plugin /usr/lib/gcc/x86_64-linux-gnu/5/liblto_plugin.so -plugin-opt=/usr/lib/gcc/x86_64-linux-gnu/5/lto-wrapper -plugin-opt=-fresolution=/tmp/ccbNIZCO.res -plugin-opt=-pass-through=-lgcc -plugin-opt=-pass-through=-lgcc_s -plugin-opt=-pass-through=-lc -plugin-opt=-pass-through=-lgcc -plugin-opt=-pass-through=-lgcc_s --sysroot=/ --build-id --eh-frame-hdr -m elf_x86_64 --hash-style=gnu --as-needed -export-dynamic -dynamic-linker /lib64/ld-linux-x86-64.so.2 -z relro -o cmTC_78afd /usr/lib/gcc/x86_64-linux-gnu/5/../../../x86_64-linux-gnu/crt1.o /usr/lib/gcc/x86_64-linux-gnu/5/../../../x86_64-linux-gnu/crti.o /usr/lib/gcc/x86_64-linux-gnu/5/crtbegin.o -L/usr/lib/gcc/x86_64-linux-gnu/5 -L/usr/lib/gcc/x86_64-linux-gnu/5/../../../x86_64-linux-gnu -L/usr/lib/gcc/x86_64-linux-gnu/5/../../../../lib -L/lib/x86_64-linux-gnu -L/lib/../lib -L/usr/lib/x86_64-linux-gnu -L/usr/lib/../lib -L/usr/lib/gcc/x86_64-linux-gnu/5/../../.. CMakeFiles/cmTC_78afd.dir/CMakeCCompilerABI.c.o -lgcc --as-needed -lgcc_s --no-as-needed -lc -lgcc --as-needed -lgcc_s --no-as-needed /usr/lib/gcc/x86_64-linux-gnu/5/crtend.o /usr/lib/gcc/x86_64-linux-gnu/5/../../../x86_64-linux-gnu/crtn.o]
    arg [/usr/lib/gcc/x86_64-linux-gnu/5/collect2] ==> ignore
    arg [-plugin] ==> ignore
    arg [/usr/lib/gcc/x86_64-linux-gnu/5/liblto_plugin.so] ==> ignore
    arg [-plugin-opt=/usr/lib/gcc/x86_64-linux-gnu/5/lto-wrapper] ==> ignore
    arg [-plugin-opt=-fresolution=/tmp/ccbNIZCO.res] ==> ignore
    arg [-plugin-opt=-pass-through=-lgcc] ==> ignore
    arg [-plugin-opt=-pass-through=-lgcc_s] ==> ignore
    arg [-plugin-opt=-pass-through=-lc] ==> ignore
    arg [-plugin-opt=-pass-through=-lgcc] ==> ignore
    arg [-plugin-opt=-pass-through=-lgcc_s] ==> ignore
    arg [--sysroot=/] ==> ignore
    arg [--build-id] ==> ignore
    arg [--eh-frame-hdr] ==> ignore
    arg [-m] ==> ignore
    arg [elf_x86_64] ==> ignore
    arg [--hash-style=gnu] ==> ignore
    arg [--as-needed] ==> ignore
    arg [-export-dynamic] ==> ignore
    arg [-dynamic-linker] ==> ignore
    arg [/lib64/ld-linux-x86-64.so.2] ==> ignore
    arg [-zrelro] ==> ignore
    arg [-o] ==> ignore
    arg [cmTC_78afd] ==> ignore
    arg [/usr/lib/gcc/x86_64-linux-gnu/5/../../../x86_64-linux-gnu/crt1.o] ==> ignore
    arg [/usr/lib/gcc/x86_64-linux-gnu/5/../../../x86_64-linux-gnu/crti.o] ==> ignore
    arg [/usr/lib/gcc/x86_64-linux-gnu/5/crtbegin.o] ==> ignore
    arg [-L/usr/lib/gcc/x86_64-linux-gnu/5] ==> dir [/usr/lib/gcc/x86_64-linux-gnu/5]
    arg [-L/usr/lib/gcc/x86_64-linux-gnu/5/../../../x86_64-linux-gnu] ==> dir [/usr/lib/gcc/x86_64-linux-gnu/5/../../../x86_64-linux-gnu]
    arg [-L/usr/lib/gcc/x86_64-linux-gnu/5/../../../../lib] ==> dir [/usr/lib/gcc/x86_64-linux-gnu/5/../../../../lib]
    arg [-L/lib/x86_64-linux-gnu] ==> dir [/lib/x86_64-linux-gnu]
    arg [-L/lib/../lib] ==> dir [/lib/../lib]
    arg [-L/usr/lib/x86_64-linux-gnu] ==> dir [/usr/lib/x86_64-linux-gnu]
    arg [-L/usr/lib/../lib] ==> dir [/usr/lib/../lib]
    arg [-L/usr/lib/gcc/x86_64-linux-gnu/5/../../..] ==> dir [/usr/lib/gcc/x86_64-linux-gnu/5/../../..]
    arg [CMakeFiles/cmTC_78afd.dir/CMakeCCompilerABI.c.o] ==> ignore
    arg [-lgcc] ==> lib [gcc]
    arg [--as-needed] ==> ignore
    arg [-lgcc_s] ==> lib [gcc_s]
    arg [--no-as-needed] ==> ignore
    arg [-lc] ==> lib [c]
    arg [-lgcc] ==> lib [gcc]
    arg [--as-needed] ==> ignore
    arg [-lgcc_s] ==> lib [gcc_s]
    arg [--no-as-needed] ==> ignore
    arg [/usr/lib/gcc/x86_64-linux-gnu/5/crtend.o] ==> ignore
    arg [/usr/lib/gcc/x86_64-linux-gnu/5/../../../x86_64-linux-gnu/crtn.o] ==> ignore
  remove lib [gcc]
  remove lib [gcc_s]
  remove lib [gcc]
  remove lib [gcc_s]
  collapse library dir [/usr/lib/gcc/x86_64-linux-gnu/5] ==> [/usr/lib/gcc/x86_64-linux-gnu/5]
  collapse library dir [/usr/lib/gcc/x86_64-linux-gnu/5/../../../x86_64-linux-gnu] ==> [/usr/lib/x86_64-linux-gnu]
  collapse library dir [/usr/lib/gcc/x86_64-linux-gnu/5/../../../../lib] ==> [/usr/lib]
  collapse library dir [/lib/x86_64-linux-gnu] ==> [/lib/x86_64-linux-gnu]
  collapse library dir [/lib/../lib] ==> [/lib]
  collapse library dir [/usr/lib/x86_64-linux-gnu] ==> [/usr/lib/x86_64-linux-gnu]
  collapse library dir [/usr/lib/../lib] ==> [/usr/lib]
  collapse library dir [/usr/lib/gcc/x86_64-linux-gnu/5/../../..] ==> [/usr/lib]
  implicit libs: [c]
  implicit dirs: [/usr/lib/gcc/x86_64-linux-gnu/5;/usr/lib/x86_64-linux-gnu;/usr/lib;/lib/x86_64-linux-gnu;/lib]
  implicit fwks: []




Detecting C [-std=c11] compiler features compiled with the following output:
Change Dir: /home/haomeng/projects/MyOpenMP/openmp/build/CMakeFiles/CMakeTmp

Run Build Command:"/usr/bin/make" "cmTC_d6df5/fast"
/usr/bin/make -f CMakeFiles/cmTC_d6df5.dir/build.make CMakeFiles/cmTC_d6df5.dir/build
make[1]: Entering directory '/home/haomeng/projects/MyOpenMP/openmp/build/CMakeFiles/CMakeTmp'
Building C object CMakeFiles/cmTC_d6df5.dir/feature_tests.c.o
/usr/bin/cc    -std=c11 -o CMakeFiles/cmTC_d6df5.dir/feature_tests.c.o   -c /home/haomeng/projects/MyOpenMP/openmp/build/CMakeFiles/feature_tests.c
Linking C executable cmTC_d6df5
/usr/bin/cmake -E cmake_link_script CMakeFiles/cmTC_d6df5.dir/link.txt --verbose=1
/usr/bin/cc       CMakeFiles/cmTC_d6df5.dir/feature_tests.c.o  -o cmTC_d6df5 -rdynamic 
make[1]: Leaving directory '/home/haomeng/projects/MyOpenMP/openmp/build/CMakeFiles/CMakeTmp'


    Feature record: C_FEATURE:1c_function_prototypes
    Feature record: C_FEATURE:1c_restrict
    Feature record: C_FEATURE:1c_static_assert
    Feature record: C_FEATURE:1c_variadic_macros


Detecting C [-std=c99] compiler features compiled with the following output:
Change Dir: /home/haomeng/projects/MyOpenMP/openmp/build/CMakeFiles/CMakeTmp

Run Build Command:"/usr/bin/make" "cmTC_4b2c2/fast"
/usr/bin/make -f CMakeFiles/cmTC_4b2c2.dir/build.make CMakeFiles/cmTC_4b2c2.dir/build
make[1]: Entering directory '/home/haomeng/projects/MyOpenMP/openmp/build/CMakeFiles/CMakeTmp'
Building C object CMakeFiles/cmTC_4b2c2.dir/feature_tests.c.o
/usr/bin/cc    -std=c99 -o CMakeFiles/cmTC_4b2c2.dir/feature_tests.c.o   -c /home/haomeng/projects/MyOpenMP/openmp/build/CMakeFiles/feature_tests.c
Linking C executable cmTC_4b2c2
/usr/bin/cmake -E cmake_link_script CMakeFiles/cmTC_4b2c2.dir/link.txt --verbose=1
/usr/bin/cc       CMakeFiles/cmTC_4b2c2.dir/feature_tests.c.o  -o cmTC_4b2c2 -rdynamic 
make[1]: Leaving directory '/home/haomeng/projects/MyOpenMP/openmp/build/CMakeFiles/CMakeTmp'


    Feature record: C_FEATURE:1c_function_prototypes
    Feature record: C_FEATURE:1c_restrict
    Feature record: C_FEATURE:0c_static_assert
    Feature record: C_FEATURE:1c_variadic_macros


Detecting C [-std=c90] compiler features compiled with the following output:
Change Dir: /home/haomeng/projects/MyOpenMP/openmp/build/CMakeFiles/CMakeTmp

Run Build Command:"/usr/bin/make" "cmTC_66f88/fast"
/usr/bin/make -f CMakeFiles/cmTC_66f88.dir/build.make CMakeFiles/cmTC_66f88.dir/build
make[1]: Entering directory '/home/haomeng/projects/MyOpenMP/openmp/build/CMakeFiles/CMakeTmp'
Building C object CMakeFiles/cmTC_66f88.dir/feature_tests.c.o
/usr/bin/cc    -std=c90 -o CMakeFiles/cmTC_66f88.dir/feature_tests.c.o   -c /home/haomeng/projects/MyOpenMP/openmp/build/CMakeFiles/feature_tests.c
Linking C executable cmTC_66f88
/usr/bin/cmake -E cmake_link_script CMakeFiles/cmTC_66f88.dir/link.txt --verbose=1
/usr/bin/cc       CMakeFiles/cmTC_66f88.dir/feature_tests.c.o  -o cmTC_66f88 -rdynamic 
make[1]: Leaving directory '/home/haomeng/projects/MyOpenMP/openmp/build/CMakeFiles/CMakeTmp'


    Feature record: C_FEATURE:1c_function_prototypes
    Feature record: C_FEATURE:0c_restrict
    Feature record: C_FEATURE:0c_static_assert
    Feature record: C_FEATURE:0c_variadic_macros
Determining if the CXX compiler works passed with the following output:
Change Dir: /home/haomeng/projects/MyOpenMP/openmp/build/CMakeFiles/CMakeTmp

Run Build Command:"/usr/bin/make" "cmTC_6d0b6/fast"
/usr/bin/make -f CMakeFiles/cmTC_6d0b6.dir/build.make CMakeFiles/cmTC_6d0b6.dir/build
make[1]: Entering directory '/home/haomeng/projects/MyOpenMP/openmp/build/CMakeFiles/CMakeTmp'
Building CXX object CMakeFiles/cmTC_6d0b6.dir/testCXXCompiler.cxx.o
/usr/bin/c++      -o CMakeFiles/cmTC_6d0b6.dir/testCXXCompiler.cxx.o -c /home/haomeng/projects/MyOpenMP/openmp/build/CMakeFiles/CMakeTmp/testCXXCompiler.cxx
Linking CXX executable cmTC_6d0b6
/usr/bin/cmake -E cmake_link_script CMakeFiles/cmTC_6d0b6.dir/link.txt --verbose=1
/usr/bin/c++        CMakeFiles/cmTC_6d0b6.dir/testCXXCompiler.cxx.o  -o cmTC_6d0b6 -rdynamic 
make[1]: Leaving directory '/home/haomeng/projects/MyOpenMP/openmp/build/CMakeFiles/CMakeTmp'


Detecting CXX compiler ABI info compiled with the following output:
Change Dir: /home/haomeng/projects/MyOpenMP/openmp/build/CMakeFiles/CMakeTmp

Run Build Command:"/usr/bin/make" "cmTC_73ea4/fast"
/usr/bin/make -f CMakeFiles/cmTC_73ea4.dir/build.make CMakeFiles/cmTC_73ea4.dir/build
make[1]: Entering directory '/home/haomeng/projects/MyOpenMP/openmp/build/CMakeFiles/CMakeTmp'
Building CXX object CMakeFiles/cmTC_73ea4.dir/CMakeCXXCompilerABI.cpp.o
/usr/bin/c++      -o CMakeFiles/cmTC_73ea4.dir/CMakeCXXCompilerABI.cpp.o -c /usr/share/cmake-3.5/Modules/CMakeCXXCompilerABI.cpp
Linking CXX executable cmTC_73ea4
/usr/bin/cmake -E cmake_link_script CMakeFiles/cmTC_73ea4.dir/link.txt --verbose=1
/usr/bin/c++       -v CMakeFiles/cmTC_73ea4.dir/CMakeCXXCompilerABI.cpp.o  -o cmTC_73ea4 -rdynamic  
Using built-in specs.
COLLECT_GCC=/usr/bin/c++
COLLECT_LTO_WRAPPER=/usr/lib/gcc/x86_64-linux-gnu/5/lto-wrapper
Target: x86_64-linux-gnu
Configured with: ../src/configure -v --with-pkgversion='Ubuntu 5.4.0-6ubuntu1~16.04.9' --with-bugurl=file:///usr/share/doc/gcc-5/README.Bugs --enable-languages=c,ada,c++,java,go,d,fortran,objc,obj-c++ --prefix=/usr --program-suffix=-5 --enable-shared --enable-linker-build-id --libexecdir=/usr/lib --without-included-gettext --enable-threads=posix --libdir=/usr/lib --enable-nls --with-sysroot=/ --enable-clocale=gnu --enable-libstdcxx-debug --enable-libstdcxx-time=yes --with-default-libstdcxx-abi=new --enable-gnu-unique-object --disable-vtable-verify --enable-libmpx --enable-plugin --with-system-zlib --disable-browser-plugin --enable-java-awt=gtk --enable-gtk-cairo --with-java-home=/usr/lib/jvm/java-1.5.0-gcj-5-amd64/jre --enable-java-home --with-jvm-root-dir=/usr/lib/jvm/java-1.5.0-gcj-5-amd64 --with-jvm-jar-dir=/usr/lib/jvm-exports/java-1.5.0-gcj-5-amd64 --with-arch-directory=amd64 --with-ecj-jar=/usr/share/java/eclipse-ecj.jar --enable-objc-gc --enable-multiarch --disable-werror --with-arch-32=i686 --with-abi=m64 --with-multilib-list=m32,m64,mx32 --enable-multilib --with-tune=generic --enable-checking=release --build=x86_64-linux-gnu --host=x86_64-linux-gnu --target=x86_64-linux-gnu
Thread model: posix
gcc version 5.4.0 20160609 (Ubuntu 5.4.0-6ubuntu1~16.04.9) 
COMPILER_PATH=/usr/lib/gcc/x86_64-linux-gnu/5/:/usr/lib/gcc/x86_64-linux-gnu/5/:/usr/lib/gcc/x86_64-linux-gnu/:/usr/lib/gcc/x86_64-linux-gnu/5/:/usr/lib/gcc/x86_64-linux-gnu/
LIBRARY_PATH=/usr/lib/gcc/x86_64-linux-gnu/5/:/usr/lib/gcc/x86_64-linux-gnu/5/../../../x86_64-linux-gnu/:/usr/lib/gcc/x86_64-linux-gnu/5/../../../../lib/:/lib/x86_64-linux-gnu/:/lib/../lib/:/usr/lib/x86_64-linux-gnu/:/usr/lib/../lib/:/usr/lib/gcc/x86_64-linux-gnu/5/../../../:/lib/:/usr/lib/
COLLECT_GCC_OPTIONS='-v' '-o' 'cmTC_73ea4' '-rdynamic' '-shared-libgcc' '-mtune=generic' '-march=x86-64'
 /usr/lib/gcc/x86_64-linux-gnu/5/collect2 -plugin /usr/lib/gcc/x86_64-linux-gnu/5/liblto_plugin.so -plugin-opt=/usr/lib/gcc/x86_64-linux-gnu/5/lto-wrapper -plugin-opt=-fresolution=/tmp/ccnuq64W.res -plugin-opt=-pass-through=-lgcc_s -plugin-opt=-pass-through=-lgcc -plugin-opt=-pass-through=-lc -plugin-opt=-pass-through=-lgcc_s -plugin-opt=-pass-through=-lgcc --sysroot=/ --build-id --eh-frame-hdr -m elf_x86_64 --hash-style=gnu --as-needed -export-dynamic -dynamic-linker /lib64/ld-linux-x86-64.so.2 -z relro -o cmTC_73ea4 /usr/lib/gcc/x86_64-linux-gnu/5/../../../x86_64-linux-gnu/crt1.o /usr/lib/gcc/x86_64-linux-gnu/5/../../../x86_64-linux-gnu/crti.o /usr/lib/gcc/x86_64-linux-gnu/5/crtbegin.o -L/usr/lib/gcc/x86_64-linux-gnu/5 -L/usr/lib/gcc/x86_64-linux-gnu/5/../../../x86_64-linux-gnu -L/usr/lib/gcc/x86_64-linux-gnu/5/../../../../lib -L/lib/x86_64-linux-gnu -L/lib/../lib -L/usr/lib/x86_64-linux-gnu -L/usr/lib/../lib -L/usr/lib/gcc/x86_64-linux-gnu/5/../../.. CMakeFiles/cmTC_73ea4.dir/CMakeCXXCompilerABI.cpp.o -lstdc++ -lm -lgcc_s -lgcc -lc -lgcc_s -lgcc /usr/lib/gcc/x86_64-linux-gnu/5/crtend.o /usr/lib/gcc/x86_64-linux-gnu/5/../../../x86_64-linux-gnu/crtn.o
make[1]: Leaving directory '/home/haomeng/projects/MyOpenMP/openmp/build/CMakeFiles/CMakeTmp'


Parsed CXX implicit link information from above output:
  link line regex: [^( *|.*[/\])(ld|([^/\]+-)?ld|collect2)[^/\]*( |$)]
  ignore line: [Change Dir: /home/haomeng/projects/MyOpenMP/openmp/build/CMakeFiles/CMakeTmp]
  ignore line: []
  ignore line: [Run Build Command:"/usr/bin/make" "cmTC_73ea4/fast"]
  ignore line: [/usr/bin/make -f CMakeFiles/cmTC_73ea4.dir/build.make CMakeFiles/cmTC_73ea4.dir/build]
  ignore line: [make[1]: Entering directory '/home/haomeng/projects/MyOpenMP/openmp/build/CMakeFiles/CMakeTmp']
  ignore line: [Building CXX object CMakeFiles/cmTC_73ea4.dir/CMakeCXXCompilerABI.cpp.o]
  ignore line: [/usr/bin/c++      -o CMakeFiles/cmTC_73ea4.dir/CMakeCXXCompilerABI.cpp.o -c /usr/share/cmake-3.5/Modules/CMakeCXXCompilerABI.cpp]
  ignore line: [Linking CXX executable cmTC_73ea4]
  ignore line: [/usr/bin/cmake -E cmake_link_script CMakeFiles/cmTC_73ea4.dir/link.txt --verbose=1]
  ignore line: [/usr/bin/c++       -v CMakeFiles/cmTC_73ea4.dir/CMakeCXXCompilerABI.cpp.o  -o cmTC_73ea4 -rdynamic  ]
  ignore line: [Using built-in specs.]
  ignore line: [COLLECT_GCC=/usr/bin/c++]
  ignore line: [COLLECT_LTO_WRAPPER=/usr/lib/gcc/x86_64-linux-gnu/5/lto-wrapper]
  ignore line: [Target: x86_64-linux-gnu]
  ignore line: [Configured with: ../src/configure -v --with-pkgversion='Ubuntu 5.4.0-6ubuntu1~16.04.9' --with-bugurl=file:///usr/share/doc/gcc-5/README.Bugs --enable-languages=c,ada,c++,java,go,d,fortran,objc,obj-c++ --prefix=/usr --program-suffix=-5 --enable-shared --enable-linker-build-id --libexecdir=/usr/lib --without-included-gettext --enable-threads=posix --libdir=/usr/lib --enable-nls --with-sysroot=/ --enable-clocale=gnu --enable-libstdcxx-debug --enable-libstdcxx-time=yes --with-default-libstdcxx-abi=new --enable-gnu-unique-object --disable-vtable-verify --enable-libmpx --enable-plugin --with-system-zlib --disable-browser-plugin --enable-java-awt=gtk --enable-gtk-cairo --with-java-home=/usr/lib/jvm/java-1.5.0-gcj-5-amd64/jre --enable-java-home --with-jvm-root-dir=/usr/lib/jvm/java-1.5.0-gcj-5-amd64 --with-jvm-jar-dir=/usr/lib/jvm-exports/java-1.5.0-gcj-5-amd64 --with-arch-directory=amd64 --with-ecj-jar=/usr/share/java/eclipse-ecj.jar --enable-objc-gc --enable-multiarch --disable-werror --with-arch-32=i686 --with-abi=m64 --with-multilib-list=m32,m64,mx32 --enable-multilib --with-tune=generic --enable-checking=release --build=x86_64-linux-gnu --host=x86_64-linux-gnu --target=x86_64-linux-gnu]
  ignore line: [Thread model: posix]
  ignore line: [gcc version 5.4.0 20160609 (Ubuntu 5.4.0-6ubuntu1~16.04.9) ]
  ignore line: [COMPILER_PATH=/usr/lib/gcc/x86_64-linux-gnu/5/:/usr/lib/gcc/x86_64-linux-gnu/5/:/usr/lib/gcc/x86_64-linux-gnu/:/usr/lib/gcc/x86_64-linux-gnu/5/:/usr/lib/gcc/x86_64-linux-gnu/]
  ignore line: [LIBRARY_PATH=/usr/lib/gcc/x86_64-linux-gnu/5/:/usr/lib/gcc/x86_64-linux-gnu/5/../../../x86_64-linux-gnu/:/usr/lib/gcc/x86_64-linux-gnu/5/../../../../lib/:/lib/x86_64-linux-gnu/:/lib/../lib/:/usr/lib/x86_64-linux-gnu/:/usr/lib/../lib/:/usr/lib/gcc/x86_64-linux-gnu/5/../../../:/lib/:/usr/lib/]
  ignore line: [COLLECT_GCC_OPTIONS='-v' '-o' 'cmTC_73ea4' '-rdynamic' '-shared-libgcc' '-mtune=generic' '-march=x86-64']
  link line: [ /usr/lib/gcc/x86_64-linux-gnu/5/collect2 -plugin /usr/lib/gcc/x86_64-linux-gnu/5/liblto_plugin.so -plugin-opt=/usr/lib/gcc/x86_64-linux-gnu/5/lto-wrapper -plugin-opt=-fresolution=/tmp/ccnuq64W.res -plugin-opt=-pass-through=-lgcc_s -plugin-opt=-pass-through=-lgcc -plugin-opt=-pass-through=-lc -plugin-opt=-pass-through=-lgcc_s -plugin-opt=-pass-through=-lgcc --sysroot=/ --build-id --eh-frame-hdr -m elf_x86_64 --hash-style=gnu --as-needed -export-dynamic -dynamic-linker /lib64/ld-linux-x86-64.so.2 -z relro -o cmTC_73ea4 /usr/lib/gcc/x86_64-linux-gnu/5/../../../x86_64-linux-gnu/crt1.o /usr/lib/gcc/x86_64-linux-gnu/5/../../../x86_64-linux-gnu/crti.o /usr/lib/gcc/x86_64-linux-gnu/5/crtbegin.o -L/usr/lib/gcc/x86_64-linux-gnu/5 -L/usr/lib/gcc/x86_64-linux-gnu/5/../../../x86_64-linux-gnu -L/usr/lib/gcc/x86_64-linux-gnu/5/../../../../lib -L/lib/x86_64-linux-gnu -L/lib/../lib -L/usr/lib/x86_64-linux-gnu -L/usr/lib/../lib -L/usr/lib/gcc/x86_64-linux-gnu/5/../../.. CMakeFiles/cmTC_73ea4.dir/CMakeCXXCompilerABI.cpp.o -lstdc++ -lm -lgcc_s -lgcc -lc -lgcc_s -lgcc /usr/lib/gcc/x86_64-linux-gnu/5/crtend.o /usr/lib/gcc/x86_64-linux-gnu/5/../../../x86_64-linux-gnu/crtn.o]
    arg [/usr/lib/gcc/x86_64-linux-gnu/5/collect2] ==> ignore
    arg [-plugin] ==> ignore
    arg [/usr/lib/gcc/x86_64-linux-gnu/5/liblto_plugin.so] ==> ignore
    arg [-plugin-opt=/usr/lib/gcc/x86_64-linux-gnu/5/lto-wrapper] ==> ignore
    arg [-plugin-opt=-fresolution=/tmp/ccnuq64W.res] ==> ignore
    arg [-plugin-opt=-pass-through=-lgcc_s] ==> ignore
    arg [-plugin-opt=-pass-through=-lgcc] ==> ignore
    arg [-plugin-opt=-pass-through=-lc] ==> ignore
    arg [-plugin-opt=-pass-through=-lgcc_s] ==> ignore
    arg [-plugin-opt=-pass-through=-lgcc] ==> ignore
    arg [--sysroot=/] ==> ignore
    arg [--build-id] ==> ignore
    arg [--eh-frame-hdr] ==> ignore
    arg [-m] ==> ignore
    arg [elf_x86_64] ==> ignore
    arg [--hash-style=gnu] ==> ignore
    arg [--as-needed] ==> ignore
    arg [-export-dynamic] ==> ignore
    arg [-dynamic-linker] ==> ignore
    arg [/lib64/ld-linux-x86-64.so.2] ==> ignore
    arg [-zrelro] ==> ignore
    arg [-o] ==> ignore
    arg [cmTC_73ea4] ==> ignore
    arg [/usr/lib/gcc/x86_64-linux-gnu/5/../../../x86_64-linux-gnu/crt1.o] ==> ignore
    arg [/usr/lib/gcc/x86_64-linux-gnu/5/../../../x86_64-linux-gnu/crti.o] ==> ignore
    arg [/usr/lib/gcc/x86_64-linux-gnu/5/crtbegin.o] ==> ignore
    arg [-L/usr/lib/gcc/x86_64-linux-gnu/5] ==> dir [/usr/lib/gcc/x86_64-linux-gnu/5]
    arg [-L/usr/lib/gcc/x86_64-linux-gnu/5/../../../x86_64-linux-gnu] ==> dir [/usr/lib/gcc/x86_64-linux-gnu/5/../../../x86_64-linux-gnu]
    arg [-L/usr/lib/gcc/x86_64-linux-gnu/5/../../../../lib] ==> dir [/usr/lib/gcc/x86_64-linux-gnu/5/../../../../lib]
    arg [-L/lib/x86_64-linux-gnu] ==> dir [/lib/x86_64-linux-gnu]
    arg [-L/lib/../lib] ==> dir [/lib/../lib]
    arg [-L/usr/lib/x86_64-linux-gnu] ==> dir [/usr/lib/x86_64-linux-gnu]
    arg [-L/usr/lib/../lib] ==> dir [/usr/lib/../lib]
    arg [-L/usr/lib/gcc/x86_64-linux-gnu/5/../../..] ==> dir [/usr/lib/gcc/x86_64-linux-gnu/5/../../..]
    arg [CMakeFiles/cmTC_73ea4.dir/CMakeCXXCompilerABI.cpp.o] ==> ignore
    arg [-lstdc++] ==> lib [stdc++]
    arg [-lm] ==> lib [m]
    arg [-lgcc_s] ==> lib [gcc_s]
    arg [-lgcc] ==> lib [gcc]
    arg [-lc] ==> lib [c]
    arg [-lgcc_s] ==> lib [gcc_s]
    arg [-lgcc] ==> lib [gcc]
    arg [/usr/lib/gcc/x86_64-linux-gnu/5/crtend.o] ==> ignore
    arg [/usr/lib/gcc/x86_64-linux-gnu/5/../../../x86_64-linux-gnu/crtn.o] ==> ignore
  remove lib [gcc_s]
  remove lib [gcc]
  remove lib [gcc_s]
  remove lib [gcc]
  collapse library dir [/usr/lib/gcc/x86_64-linux-gnu/5] ==> [/usr/lib/gcc/x86_64-linux-gnu/5]
  collapse library dir [/usr/lib/gcc/x86_64-linux-gnu/5/../../../x86_64-linux-gnu] ==> [/usr/lib/x86_64-linux-gnu]
  collapse library dir [/usr/lib/gcc/x86_64-linux-gnu/5/../../../../lib] ==> [/usr/lib]
  collapse library dir [/lib/x86_64-linux-gnu] ==> [/lib/x86_64-linux-gnu]
  collapse library dir [/lib/../lib] ==> [/lib]
  collapse library dir [/usr/lib/x86_64-linux-gnu] ==> [/usr/lib/x86_64-linux-gnu]
  collapse library dir [/usr/lib/../lib] ==> [/usr/lib]
  collapse library dir [/usr/lib/gcc/x86_64-linux-gnu/5/../../..] ==> [/usr/lib]
  implicit libs: [stdc++;m;c]
  implicit dirs: [/usr/lib/gcc/x86_64-linux-gnu/5;/usr/lib/x86_64-linux-gnu;/usr/lib;/lib/x86_64-linux-gnu;/lib]
  implicit fwks: []




Detecting CXX [-std=c++14] compiler features compiled with the following output:
Change Dir: /home/haomeng/projects/MyOpenMP/openmp/build/CMakeFiles/CMakeTmp

Run Build Command:"/usr/bin/make" "cmTC_694d3/fast"
/usr/bin/make -f CMakeFiles/cmTC_694d3.dir/build.make CMakeFiles/cmTC_694d3.dir/build
make[1]: Entering directory '/home/haomeng/projects/MyOpenMP/openmp/build/CMakeFiles/CMakeTmp'
Building CXX object CMakeFiles/cmTC_694d3.dir/feature_tests.cxx.o
/usr/bin/c++     -std=c++14 -o CMakeFiles/cmTC_694d3.dir/feature_tests.cxx.o -c /home/haomeng/projects/MyOpenMP/openmp/build/CMakeFiles/feature_tests.cxx
Linking CXX executable cmTC_694d3
/usr/bin/cmake -E cmake_link_script CMakeFiles/cmTC_694d3.dir/link.txt --verbose=1
/usr/bin/c++        CMakeFiles/cmTC_694d3.dir/feature_tests.cxx.o  -o cmTC_694d3 -rdynamic 
make[1]: Leaving directory '/home/haomeng/projects/MyOpenMP/openmp/build/CMakeFiles/CMakeTmp'


    Feature record: CXX_FEATURE:1cxx_aggregate_default_initializers
    Feature record: CXX_FEATURE:1cxx_alias_templates
    Feature record: CXX_FEATURE:1cxx_alignas
    Feature record: CXX_FEATURE:1cxx_alignof
    Feature record: CXX_FEATURE:1cxx_attributes
    Feature record: CXX_FEATURE:1cxx_attribute_deprecated
    Feature record: CXX_FEATURE:1cxx_auto_type
    Feature record: CXX_FEATURE:1cxx_binary_literals
    Feature record: CXX_FEATURE:1cxx_constexpr
    Feature record: CXX_FEATURE:1cxx_contextual_conversions
    Feature record: CXX_FEATURE:1cxx_decltype
    Feature record: CXX_FEATURE:1cxx_decltype_auto
    Feature record: CXX_FEATURE:1cxx_decltype_incomplete_return_types
    Feature record: CXX_FEATURE:1cxx_default_function_template_args
    Feature record: CXX_FEATURE:1cxx_defaulted_functions
    Feature record: CXX_FEATURE:1cxx_defaulted_move_initializers
    Feature record: CXX_FEATURE:1cxx_delegating_constructors
    Feature record: CXX_FEATURE:1cxx_deleted_functions
    Feature record: CXX_FEATURE:1cxx_digit_separators
    Feature record: CXX_FEATURE:1cxx_enum_forward_declarations
    Feature record: CXX_FEATURE:1cxx_explicit_conversions
    Feature record: CXX_FEATURE:1cxx_extended_friend_declarations
    Feature record: CXX_FEATURE:1cxx_extern_templates
    Feature record: CXX_FEATURE:1cxx_final
    Feature record: CXX_FEATURE:1cxx_func_identifier
    Feature record: CXX_FEATURE:1cxx_generalized_initializers
    Feature record: CXX_FEATURE:1cxx_generic_lambdas
    Feature record: CXX_FEATURE:1cxx_inheriting_constructors
    Feature record: CXX_FEATURE:1cxx_inline_namespaces
    Feature record: CXX_FEATURE:1cxx_lambdas
    Feature record: CXX_FEATURE:1cxx_lambda_init_captures
    Feature record: CXX_FEATURE:1cxx_local_type_template_args
    Feature record: CXX_FEATURE:1cxx_long_long_type
    Feature record: CXX_FEATURE:1cxx_noexcept
    Feature record: CXX_FEATURE:1cxx_nonstatic_member_init
    Feature record: CXX_FEATURE:1cxx_nullptr
    Feature record: CXX_FEATURE:1cxx_override
    Feature record: CXX_FEATURE:1cxx_range_for
    Feature record: CXX_FEATURE:1cxx_raw_string_literals
    Feature record: CXX_FEATURE:1cxx_reference_qualified_functions
    Feature record: CXX_FEATURE:1cxx_relaxed_constexpr
    Feature record: CXX_FEATURE:1cxx_return_type_deduction
    Feature record: CXX_FEATURE:1cxx_right_angle_brackets
    Feature record: CXX_FEATURE:1cxx_rvalue_references
    Feature record: CXX_FEATURE:1cxx_sizeof_member
    Feature record: CXX_FEATURE:1cxx_static_assert
    Feature record: CXX_FEATURE:1cxx_strong_enums
    Feature record: CXX_FEATURE:1cxx_template_template_parameters
    Feature record: CXX_FEATURE:1cxx_thread_local
    Feature record: CXX_FEATURE:1cxx_trailing_return_types
    Feature record: CXX_FEATURE:1cxx_unicode_literals
    Feature record: CXX_FEATURE:1cxx_uniform_initialization
    Feature record: CXX_FEATURE:1cxx_unrestricted_unions
    Feature record: CXX_FEATURE:1cxx_user_literals
    Feature record: CXX_FEATURE:1cxx_variable_templates
    Feature record: CXX_FEATURE:1cxx_variadic_macros
    Feature record: CXX_FEATURE:1cxx_variadic_templates


Detecting CXX [-std=c++11] compiler features compiled with the following output:
Change Dir: /home/haomeng/projects/MyOpenMP/openmp/build/CMakeFiles/CMakeTmp

Run Build Command:"/usr/bin/make" "cmTC_6251b/fast"
/usr/bin/make -f CMakeFiles/cmTC_6251b.dir/build.make CMakeFiles/cmTC_6251b.dir/build
make[1]: Entering directory '/home/haomeng/projects/MyOpenMP/openmp/build/CMakeFiles/CMakeTmp'
Building CXX object CMakeFiles/cmTC_6251b.dir/feature_tests.cxx.o
/usr/bin/c++     -std=c++11 -o CMakeFiles/cmTC_6251b.dir/feature_tests.cxx.o -c /home/haomeng/projects/MyOpenMP/openmp/build/CMakeFiles/feature_tests.cxx
Linking CXX executable cmTC_6251b
/usr/bin/cmake -E cmake_link_script CMakeFiles/cmTC_6251b.dir/link.txt --verbose=1
/usr/bin/c++        CMakeFiles/cmTC_6251b.dir/feature_tests.cxx.o  -o cmTC_6251b -rdynamic 
make[1]: Leaving directory '/home/haomeng/projects/MyOpenMP/openmp/build/CMakeFiles/CMakeTmp'


    Feature record: CXX_FEATURE:0cxx_aggregate_default_initializers
    Feature record: CXX_FEATURE:1cxx_alias_templates
    Feature record: CXX_FEATURE:1cxx_alignas
    Feature record: CXX_FEATURE:1cxx_alignof
    Feature record: CXX_FEATURE:1cxx_attributes
    Feature record: CXX_FEATURE:0cxx_attribute_deprecated
    Feature record: CXX_FEATURE:1cxx_auto_type
    Feature record: CXX_FEATURE:0cxx_binary_literals
    Feature record: CXX_FEATURE:1cxx_constexpr
    Feature record: CXX_FEATURE:0cxx_contextual_conversions
    Feature record: CXX_FEATURE:1cxx_decltype
    Feature record: CXX_FEATURE:0cxx_decltype_auto
    Feature record: CXX_FEATURE:1cxx_decltype_incomplete_return_types
    Feature record: CXX_FEATURE:1cxx_default_function_template_args
    Feature record: CXX_FEATURE:1cxx_defaulted_functions
    Feature record: CXX_FEATURE:1cxx_defaulted_move_initializers
    Feature record: CXX_FEATURE:1cxx_delegating_constructors
    Feature record: CXX_FEATURE:1cxx_deleted_functions
    Feature record: CXX_FEATURE:0cxx_digit_separators
    Feature record: CXX_FEATURE:1cxx_enum_forward_declarations
    Feature record: CXX_FEATURE:1cxx_explicit_conversions
    Feature record: CXX_FEATURE:1cxx_extended_friend_declarations
    Feature record: CXX_FEATURE:1cxx_extern_templates
    Feature record: CXX_FEATURE:1cxx_final
    Feature record: CXX_FEATURE:1cxx_func_identifier
    Feature record: CXX_FEATURE:1cxx_generalized_initializers
    Feature record: CXX_FEATURE:0cxx_generic_lambdas
    Feature record: CXX_FEATURE:1cxx_inheriting_constructors
    Feature record: CXX_FEATURE:1cxx_inline_namespaces
    Feature record: CXX_FEATURE:1cxx_lambdas
    Feature record: CXX_FEATURE:0cxx_lambda_init_captures
    Feature record: CXX_FEATURE:1cxx_local_type_template_args
    Feature record: CXX_FEATURE:1cxx_long_long_type
    Feature record: CXX_FEATURE:1cxx_noexcept
    Feature record: CXX_FEATURE:1cxx_nonstatic_member_init
    Feature record: CXX_FEATURE:1cxx_nullptr
    Feature record: CXX_FEATURE:1cxx_override
    Feature record: CXX_FEATURE:1cxx_range_for
    Feature record: CXX_FEATURE:1cxx_raw_string_literals
    Feature record: CXX_FEATURE:1cxx_reference_qualified_functions
    Feature record: CXX_FEATURE:0cxx_relaxed_constexpr
    Feature record: CXX_FEATURE:0cxx_return_type_deduction
    Feature record: CXX_FEATURE:1cxx_right_angle_brackets
    Feature record: CXX_FEATURE:1cxx_rvalue_references
    Feature record: CXX_FEATURE:1cxx_sizeof_member
    Feature record: CXX_FEATURE:1cxx_static_assert
    Feature record: CXX_FEATURE:1cxx_strong_enums
    Feature record: CXX_FEATURE:1cxx_template_template_parameters
    Feature record: CXX_FEATURE:1cxx_thread_local
    Feature record: CXX_FEATURE:1cxx_trailing_return_types
    Feature record: CXX_FEATURE:1cxx_unicode_literals
    Feature record: CXX_FEATURE:1cxx_uniform_initialization
    Feature record: CXX_FEATURE:1cxx_unrestricted_unions
    Feature record: CXX_FEATURE:1cxx_user_literals
    Feature record: CXX_FEATURE:0cxx_variable_templates
    Feature record: CXX_FEATURE:1cxx_variadic_macros
    Feature record: CXX_FEATURE:1cxx_variadic_templates


Detecting CXX [-std=c++98] compiler features compiled with the following output:
Change Dir: /home/haomeng/projects/MyOpenMP/openmp/build/CMakeFiles/CMakeTmp

Run Build Command:"/usr/bin/make" "cmTC_b80a9/fast"
/usr/bin/make -f CMakeFiles/cmTC_b80a9.dir/build.make CMakeFiles/cmTC_b80a9.dir/build
make[1]: Entering directory '/home/haomeng/projects/MyOpenMP/openmp/build/CMakeFiles/CMakeTmp'
Building CXX object CMakeFiles/cmTC_b80a9.dir/feature_tests.cxx.o
/usr/bin/c++     -std=c++98 -o CMakeFiles/cmTC_b80a9.dir/feature_tests.cxx.o -c /home/haomeng/projects/MyOpenMP/openmp/build/CMakeFiles/feature_tests.cxx
Linking CXX executable cmTC_b80a9
/usr/bin/cmake -E cmake_link_script CMakeFiles/cmTC_b80a9.dir/link.txt --verbose=1
/usr/bin/c++        CMakeFiles/cmTC_b80a9.dir/feature_tests.cxx.o  -o cmTC_b80a9 -rdynamic 
make[1]: Leaving directory '/home/haomeng/projects/MyOpenMP/openmp/build/CMakeFiles/CMakeTmp'


    Feature record: CXX_FEATURE:0cxx_aggregate_default_initializers
    Feature record: CXX_FEATURE:0cxx_alias_templates
    Feature record: CXX_FEATURE:0cxx_alignas
    Feature record: CXX_FEATURE:0cxx_alignof
    Feature record: CXX_FEATURE:0cxx_attributes
    Feature record: CXX_FEATURE:0cxx_attribute_deprecated
    Feature record: CXX_FEATURE:0cxx_auto_type
    Feature record: CXX_FEATURE:0cxx_binary_literals
    Feature record: CXX_FEATURE:0cxx_constexpr
    Feature record: CXX_FEATURE:0cxx_contextual_conversions
    Feature record: CXX_FEATURE:0cxx_decltype
    Feature record: CXX_FEATURE:0cxx_decltype_auto
    Feature record: CXX_FEATURE:0cxx_decltype_incomplete_return_types
    Feature record: CXX_FEATURE:0cxx_default_function_template_args
    Feature record: CXX_FEATURE:0cxx_defaulted_functions
    Feature record: CXX_FEATURE:0cxx_defaulted_move_initializers
    Feature record: CXX_FEATURE:0cxx_delegating_constructors
    Feature record: CXX_FEATURE:0cxx_deleted_functions
    Feature record: CXX_FEATURE:0cxx_digit_separators
    Feature record: CXX_FEATURE:0cxx_enum_forward_declarations
    Feature record: CXX_FEATURE:0cxx_explicit_conversions
    Feature record: CXX_FEATURE:0cxx_extended_friend_declarations
    Feature record: CXX_FEATURE:0cxx_extern_templates
    Feature record: CXX_FEATURE:0cxx_final
    Feature record: CXX_FEATURE:0cxx_func_identifier
    Feature record: CXX_FEATURE:0cxx_generalized_initializers
    Feature record: CXX_FEATURE:0cxx_generic_lambdas
    Feature record: CXX_FEATURE:0cxx_inheriting_constructors
    Feature record: CXX_FEATURE:0cxx_inline_namespaces
    Feature record: CXX_FEATURE:0cxx_lambdas
    Feature record: CXX_FEATURE:0cxx_lambda_init_captures
    Feature record: CXX_FEATURE:0cxx_local_type_template_args
    Feature record: CXX_FEATURE:0cxx_long_long_type
    Feature record: CXX_FEATURE:0cxx_noexcept
    Feature record: CXX_FEATURE:0cxx_nonstatic_member_init
    Feature record: CXX_FEATURE:0cxx_nullptr
    Feature record: CXX_FEATURE:0cxx_override
    Feature record: CXX_FEATURE:0cxx_range_for
    Feature record: CXX_FEATURE:0cxx_raw_string_literals
    Feature record: CXX_FEATURE:0cxx_reference_qualified_functions
    Feature record: CXX_FEATURE:0cxx_relaxed_constexpr
    Feature record: CXX_FEATURE:0cxx_return_type_deduction
    Feature record: CXX_FEATURE:0cxx_right_angle_brackets
    Feature record: CXX_FEATURE:0cxx_rvalue_references
    Feature record: CXX_FEATURE:0cxx_sizeof_member
    Feature record: CXX_FEATURE:0cxx_static_assert
    Feature record: CXX_FEATURE:0cxx_strong_enums
    Feature record: CXX_FEATURE:1cxx_template_template_parameters
    Feature record: CXX_FEATURE:0cxx_thread_local
    Feature record: CXX_FEATURE:0cxx_trailing_return_types
    Feature record: CXX_FEATURE:0cxx_unicode_literals
    Feature record: CXX_FEATURE:0cxx_uniform_initialization
    Feature record: CXX_FEATURE:0cxx_unrestricted_unions
    Feature record: CXX_FEATURE:0cxx_user_literals
    Feature record: CXX_FEATURE:0cxx_variable_templates
    Feature record: CXX_FEATURE:0cxx_variadic_macros
    Feature record: CXX_FEATURE:0cxx_variadic_templates
Performing C++ SOURCE FILE Test LIBOMP_HAVE_STD_CPP11_FLAG succeeded with the following output:
Change Dir: /home/haomeng/projects/MyOpenMP/openmp/build/CMakeFiles/CMakeTmp

Run Build Command:"/usr/bin/make" "cmTC_9998f/fast"
/usr/bin/make -f CMakeFiles/cmTC_9998f.dir/build.make CMakeFiles/cmTC_9998f.dir/build
make[1]: Entering directory '/home/haomeng/projects/MyOpenMP/openmp/build/CMakeFiles/CMakeTmp'
Building CXX object CMakeFiles/cmTC_9998f.dir/src.cxx.o
/usr/bin/c++     -DLIBOMP_HAVE_STD_CPP11_FLAG   -std=c++11 -o CMakeFiles/cmTC_9998f.dir/src.cxx.o -c /home/haomeng/projects/MyOpenMP/openmp/build/CMakeFiles/CMakeTmp/src.cxx
Linking CXX executable cmTC_9998f
/usr/bin/cmake -E cmake_link_script CMakeFiles/cmTC_9998f.dir/link.txt --verbose=1
/usr/bin/c++    -DLIBOMP_HAVE_STD_CPP11_FLAG    CMakeFiles/cmTC_9998f.dir/src.cxx.o  -o cmTC_9998f -rdynamic 
make[1]: Leaving directory '/home/haomeng/projects/MyOpenMP/openmp/build/CMakeFiles/CMakeTmp'

Source file was:
int main() { return 0; }
Performing C++ SOURCE FILE Test LIBOMP_HAVE_FNO_EXCEPTIONS_FLAG succeeded with the following output:
Change Dir: /home/haomeng/projects/MyOpenMP/openmp/build/CMakeFiles/CMakeTmp

Run Build Command:"/usr/bin/make" "cmTC_c5483/fast"
/usr/bin/make -f CMakeFiles/cmTC_c5483.dir/build.make CMakeFiles/cmTC_c5483.dir/build
make[1]: Entering directory '/home/haomeng/projects/MyOpenMP/openmp/build/CMakeFiles/CMakeTmp'
Building CXX object CMakeFiles/cmTC_c5483.dir/src.cxx.o
/usr/bin/c++     -DLIBOMP_HAVE_FNO_EXCEPTIONS_FLAG   -fno-exceptions -o CMakeFiles/cmTC_c5483.dir/src.cxx.o -c /home/haomeng/projects/MyOpenMP/openmp/build/CMakeFiles/CMakeTmp/src.cxx
Linking CXX executable cmTC_c5483
/usr/bin/cmake -E cmake_link_script CMakeFiles/cmTC_c5483.dir/link.txt --verbose=1
/usr/bin/c++    -DLIBOMP_HAVE_FNO_EXCEPTIONS_FLAG    CMakeFiles/cmTC_c5483.dir/src.cxx.o  -o cmTC_c5483 -rdynamic 
make[1]: Leaving directory '/home/haomeng/projects/MyOpenMP/openmp/build/CMakeFiles/CMakeTmp'

Source file was:
int main() { return 0; }
Performing C++ SOURCE FILE Test LIBOMP_HAVE_FNO_RTTI_FLAG succeeded with the following output:
Change Dir: /home/haomeng/projects/MyOpenMP/openmp/build/CMakeFiles/CMakeTmp

Run Build Command:"/usr/bin/make" "cmTC_edadd/fast"
/usr/bin/make -f CMakeFiles/cmTC_edadd.dir/build.make CMakeFiles/cmTC_edadd.dir/build
make[1]: Entering directory '/home/haomeng/projects/MyOpenMP/openmp/build/CMakeFiles/CMakeTmp'
Building CXX object CMakeFiles/cmTC_edadd.dir/src.cxx.o
/usr/bin/c++     -DLIBOMP_HAVE_FNO_RTTI_FLAG   -fno-rtti -o CMakeFiles/cmTC_edadd.dir/src.cxx.o -c /home/haomeng/projects/MyOpenMP/openmp/build/CMakeFiles/CMakeTmp/src.cxx
Linking CXX executable cmTC_edadd
/usr/bin/cmake -E cmake_link_script CMakeFiles/cmTC_edadd.dir/link.txt --verbose=1
/usr/bin/c++    -DLIBOMP_HAVE_FNO_RTTI_FLAG    CMakeFiles/cmTC_edadd.dir/src.cxx.o  -o cmTC_edadd -rdynamic 
make[1]: Leaving directory '/home/haomeng/projects/MyOpenMP/openmp/build/CMakeFiles/CMakeTmp'

Source file was:
int main() { return 0; }
Performing C SOURCE FILE Test LIBOMP_HAVE_X_CPP_FLAG succeeded with the following output:
Change Dir: /home/haomeng/projects/MyOpenMP/openmp/build/CMakeFiles/CMakeTmp

Run Build Command:"/usr/bin/make" "cmTC_a36c1/fast"
/usr/bin/make -f CMakeFiles/cmTC_a36c1.dir/build.make CMakeFiles/cmTC_a36c1.dir/build
make[1]: Entering directory '/home/haomeng/projects/MyOpenMP/openmp/build/CMakeFiles/CMakeTmp'
Building C object CMakeFiles/cmTC_a36c1.dir/src.c.o
/usr/bin/cc    -DLIBOMP_HAVE_X_CPP_FLAG   -x c++ -o CMakeFiles/cmTC_a36c1.dir/src.c.o   -c /home/haomeng/projects/MyOpenMP/openmp/build/CMakeFiles/CMakeTmp/src.c
Linking C executable cmTC_a36c1
/usr/bin/cmake -E cmake_link_script CMakeFiles/cmTC_a36c1.dir/link.txt --verbose=1
/usr/bin/cc   -DLIBOMP_HAVE_X_CPP_FLAG    CMakeFiles/cmTC_a36c1.dir/src.c.o  -o cmTC_a36c1 -rdynamic 
make[1]: Leaving directory '/home/haomeng/projects/MyOpenMP/openmp/build/CMakeFiles/CMakeTmp'

Source file was:
int main(void) { return 0; }
Performing C SOURCE FILE Test LIBOMP_HAVE_WERROR_FLAG succeeded with the following output:
Change Dir: /home/haomeng/projects/MyOpenMP/openmp/build/CMakeFiles/CMakeTmp

Run Build Command:"/usr/bin/make" "cmTC_1d8da/fast"
/usr/bin/make -f CMakeFiles/cmTC_1d8da.dir/build.make CMakeFiles/cmTC_1d8da.dir/build
make[1]: Entering directory '/home/haomeng/projects/MyOpenMP/openmp/build/CMakeFiles/CMakeTmp'
Building C object CMakeFiles/cmTC_1d8da.dir/src.c.o
/usr/bin/cc    -DLIBOMP_HAVE_WERROR_FLAG   -Werror -o CMakeFiles/cmTC_1d8da.dir/src.c.o   -c /home/haomeng/projects/MyOpenMP/openmp/build/CMakeFiles/CMakeTmp/src.c
Linking C executable cmTC_1d8da
/usr/bin/cmake -E cmake_link_script CMakeFiles/cmTC_1d8da.dir/link.txt --verbose=1
/usr/bin/cc   -DLIBOMP_HAVE_WERROR_FLAG    CMakeFiles/cmTC_1d8da.dir/src.c.o  -o cmTC_1d8da -rdynamic 
make[1]: Leaving directory '/home/haomeng/projects/MyOpenMP/openmp/build/CMakeFiles/CMakeTmp'

Source file was:
int main(void) { return 0; }
Performing C SOURCE FILE Test LIBOMP_HAVE_WNO_UNUSED_FUNCTION_FLAG succeeded with the following output:
Change Dir: /home/haomeng/projects/MyOpenMP/openmp/build/CMakeFiles/CMakeTmp

Run Build Command:"/usr/bin/make" "cmTC_57650/fast"
/usr/bin/make -f CMakeFiles/cmTC_57650.dir/build.make CMakeFiles/cmTC_57650.dir/build
make[1]: Entering directory '/home/haomeng/projects/MyOpenMP/openmp/build/CMakeFiles/CMakeTmp'
Building C object CMakeFiles/cmTC_57650.dir/src.c.o
/usr/bin/cc    -DLIBOMP_HAVE_WNO_UNUSED_FUNCTION_FLAG   -Wunused-function -o CMakeFiles/cmTC_57650.dir/src.c.o   -c /home/haomeng/projects/MyOpenMP/openmp/build/CMakeFiles/CMakeTmp/src.c
Linking C executable cmTC_57650
/usr/bin/cmake -E cmake_link_script CMakeFiles/cmTC_57650.dir/link.txt --verbose=1
/usr/bin/cc   -DLIBOMP_HAVE_WNO_UNUSED_FUNCTION_FLAG    CMakeFiles/cmTC_57650.dir/src.c.o  -o cmTC_57650 -rdynamic 
make[1]: Leaving directory '/home/haomeng/projects/MyOpenMP/openmp/build/CMakeFiles/CMakeTmp'

Source file was:
int main(void) { return 0; }
Performing C SOURCE FILE Test LIBOMP_HAVE_WNO_UNUSED_VALUE_FLAG succeeded with the following output:
Change Dir: /home/haomeng/projects/MyOpenMP/openmp/build/CMakeFiles/CMakeTmp

Run Build Command:"/usr/bin/make" "cmTC_5e920/fast"
/usr/bin/make -f CMakeFiles/cmTC_5e920.dir/build.make CMakeFiles/cmTC_5e920.dir/build
make[1]: Entering directory '/home/haomeng/projects/MyOpenMP/openmp/build/CMakeFiles/CMakeTmp'
Building C object CMakeFiles/cmTC_5e920.dir/src.c.o
/usr/bin/cc    -DLIBOMP_HAVE_WNO_UNUSED_VALUE_FLAG   -Wunused-value -o CMakeFiles/cmTC_5e920.dir/src.c.o   -c /home/haomeng/projects/MyOpenMP/openmp/build/CMakeFiles/CMakeTmp/src.c
Linking C executable cmTC_5e920
/usr/bin/cmake -E cmake_link_script CMakeFiles/cmTC_5e920.dir/link.txt --verbose=1
/usr/bin/cc   -DLIBOMP_HAVE_WNO_UNUSED_VALUE_FLAG    CMakeFiles/cmTC_5e920.dir/src.c.o  -o cmTC_5e920 -rdynamic 
make[1]: Leaving directory '/home/haomeng/projects/MyOpenMP/openmp/build/CMakeFiles/CMakeTmp'

Source file was:
int main(void) { return 0; }
Performing C SOURCE FILE Test LIBOMP_HAVE_WNO_UNUSED_VARIABLE_FLAG succeeded with the following output:
Change Dir: /home/haomeng/projects/MyOpenMP/openmp/build/CMakeFiles/CMakeTmp

Run Build Command:"/usr/bin/make" "cmTC_b54e7/fast"
/usr/bin/make -f CMakeFiles/cmTC_b54e7.dir/build.make CMakeFiles/cmTC_b54e7.dir/build
make[1]: Entering directory '/home/haomeng/projects/MyOpenMP/openmp/build/CMakeFiles/CMakeTmp'
Building C object CMakeFiles/cmTC_b54e7.dir/src.c.o
/usr/bin/cc    -DLIBOMP_HAVE_WNO_UNUSED_VARIABLE_FLAG   -Wunused-variable -o CMakeFiles/cmTC_b54e7.dir/src.c.o   -c /home/haomeng/projects/MyOpenMP/openmp/build/CMakeFiles/CMakeTmp/src.c
Linking C executable cmTC_b54e7
/usr/bin/cmake -E cmake_link_script CMakeFiles/cmTC_b54e7.dir/link.txt --verbose=1
/usr/bin/cc   -DLIBOMP_HAVE_WNO_UNUSED_VARIABLE_FLAG    CMakeFiles/cmTC_b54e7.dir/src.c.o  -o cmTC_b54e7 -rdynamic 
make[1]: Leaving directory '/home/haomeng/projects/MyOpenMP/openmp/build/CMakeFiles/CMakeTmp'

Source file was:
int main(void) { return 0; }
Performing C SOURCE FILE Test LIBOMP_HAVE_WNO_SWITCH_FLAG succeeded with the following output:
Change Dir: /home/haomeng/projects/MyOpenMP/openmp/build/CMakeFiles/CMakeTmp

Run Build Command:"/usr/bin/make" "cmTC_03891/fast"
/usr/bin/make -f CMakeFiles/cmTC_03891.dir/build.make CMakeFiles/cmTC_03891.dir/build
make[1]: Entering directory '/home/haomeng/projects/MyOpenMP/openmp/build/CMakeFiles/CMakeTmp'
Building C object CMakeFiles/cmTC_03891.dir/src.c.o
/usr/bin/cc    -DLIBOMP_HAVE_WNO_SWITCH_FLAG   -Wswitch -o CMakeFiles/cmTC_03891.dir/src.c.o   -c /home/haomeng/projects/MyOpenMP/openmp/build/CMakeFiles/CMakeTmp/src.c
Linking C executable cmTC_03891
/usr/bin/cmake -E cmake_link_script CMakeFiles/cmTC_03891.dir/link.txt --verbose=1
/usr/bin/cc   -DLIBOMP_HAVE_WNO_SWITCH_FLAG    CMakeFiles/cmTC_03891.dir/src.c.o  -o cmTC_03891 -rdynamic 
make[1]: Leaving directory '/home/haomeng/projects/MyOpenMP/openmp/build/CMakeFiles/CMakeTmp'

Source file was:
int main(void) { return 0; }
Performing C SOURCE FILE Test LIBOMP_HAVE_WNO_SIGN_COMPARE_FLAG succeeded with the following output:
Change Dir: /home/haomeng/projects/MyOpenMP/openmp/build/CMakeFiles/CMakeTmp

Run Build Command:"/usr/bin/make" "cmTC_9f3ed/fast"
/usr/bin/make -f CMakeFiles/cmTC_9f3ed.dir/build.make CMakeFiles/cmTC_9f3ed.dir/build
make[1]: Entering directory '/home/haomeng/projects/MyOpenMP/openmp/build/CMakeFiles/CMakeTmp'
Building C object CMakeFiles/cmTC_9f3ed.dir/src.c.o
/usr/bin/cc    -DLIBOMP_HAVE_WNO_SIGN_COMPARE_FLAG   -Wsign-compare -o CMakeFiles/cmTC_9f3ed.dir/src.c.o   -c /home/haomeng/projects/MyOpenMP/openmp/build/CMakeFiles/CMakeTmp/src.c
Linking C executable cmTC_9f3ed
/usr/bin/cmake -E cmake_link_script CMakeFiles/cmTC_9f3ed.dir/link.txt --verbose=1
/usr/bin/cc   -DLIBOMP_HAVE_WNO_SIGN_COMPARE_FLAG    CMakeFiles/cmTC_9f3ed.dir/src.c.o  -o cmTC_9f3ed -rdynamic 
make[1]: Leaving directory '/home/haomeng/projects/MyOpenMP/openmp/build/CMakeFiles/CMakeTmp'

Source file was:
int main(void) { return 0; }
Performing C SOURCE FILE Test LIBOMP_HAVE_WNO_UNKNOWN_PRAGMAS_FLAG succeeded with the following output:
Change Dir: /home/haomeng/projects/MyOpenMP/openmp/build/CMakeFiles/CMakeTmp

Run Build Command:"/usr/bin/make" "cmTC_b8763/fast"
/usr/bin/make -f CMakeFiles/cmTC_b8763.dir/build.make CMakeFiles/cmTC_b8763.dir/build
make[1]: Entering directory '/home/haomeng/projects/MyOpenMP/openmp/build/CMakeFiles/CMakeTmp'
Building C object CMakeFiles/cmTC_b8763.dir/src.c.o
/usr/bin/cc    -DLIBOMP_HAVE_WNO_UNKNOWN_PRAGMAS_FLAG   -Wunknown-pragmas -o CMakeFiles/cmTC_b8763.dir/src.c.o   -c /home/haomeng/projects/MyOpenMP/openmp/build/CMakeFiles/CMakeTmp/src.c
Linking C executable cmTC_b8763
/usr/bin/cmake -E cmake_link_script CMakeFiles/cmTC_b8763.dir/link.txt --verbose=1
/usr/bin/cc   -DLIBOMP_HAVE_WNO_UNKNOWN_PRAGMAS_FLAG    CMakeFiles/cmTC_b8763.dir/src.c.o  -o cmTC_b8763 -rdynamic 
make[1]: Leaving directory '/home/haomeng/projects/MyOpenMP/openmp/build/CMakeFiles/CMakeTmp'

Source file was:
int main(void) { return 0; }
Performing C SOURCE FILE Test LIBOMP_HAVE_WNO_MISSING_FIELD_INITIALIZERS_FLAG succeeded with the following output:
Change Dir: /home/haomeng/projects/MyOpenMP/openmp/build/CMakeFiles/CMakeTmp

Run Build Command:"/usr/bin/make" "cmTC_42909/fast"
/usr/bin/make -f CMakeFiles/cmTC_42909.dir/build.make CMakeFiles/cmTC_42909.dir/build
make[1]: Entering directory '/home/haomeng/projects/MyOpenMP/openmp/build/CMakeFiles/CMakeTmp'
Building C object CMakeFiles/cmTC_42909.dir/src.c.o
/usr/bin/cc    -DLIBOMP_HAVE_WNO_MISSING_FIELD_INITIALIZERS_FLAG   -Wmissing-field-initializers -o CMakeFiles/cmTC_42909.dir/src.c.o   -c /home/haomeng/projects/MyOpenMP/openmp/build/CMakeFiles/CMakeTmp/src.c
Linking C executable cmTC_42909
/usr/bin/cmake -E cmake_link_script CMakeFiles/cmTC_42909.dir/link.txt --verbose=1
/usr/bin/cc   -DLIBOMP_HAVE_WNO_MISSING_FIELD_INITIALIZERS_FLAG    CMakeFiles/cmTC_42909.dir/src.c.o  -o cmTC_42909 -rdynamic 
make[1]: Leaving directory '/home/haomeng/projects/MyOpenMP/openmp/build/CMakeFiles/CMakeTmp'

Source file was:
int main(void) { return 0; }
Performing C SOURCE FILE Test LIBOMP_HAVE_WNO_MISSING_BRACES_FLAG succeeded with the following output:
Change Dir: /home/haomeng/projects/MyOpenMP/openmp/build/CMakeFiles/CMakeTmp

Run Build Command:"/usr/bin/make" "cmTC_c16ce/fast"
/usr/bin/make -f CMakeFiles/cmTC_c16ce.dir/build.make CMakeFiles/cmTC_c16ce.dir/build
make[1]: Entering directory '/home/haomeng/projects/MyOpenMP/openmp/build/CMakeFiles/CMakeTmp'
Building C object CMakeFiles/cmTC_c16ce.dir/src.c.o
/usr/bin/cc    -DLIBOMP_HAVE_WNO_MISSING_BRACES_FLAG   -Wmissing-braces -o CMakeFiles/cmTC_c16ce.dir/src.c.o   -c /home/haomeng/projects/MyOpenMP/openmp/build/CMakeFiles/CMakeTmp/src.c
Linking C executable cmTC_c16ce
/usr/bin/cmake -E cmake_link_script CMakeFiles/cmTC_c16ce.dir/link.txt --verbose=1
/usr/bin/cc   -DLIBOMP_HAVE_WNO_MISSING_BRACES_FLAG    CMakeFiles/cmTC_c16ce.dir/src.c.o  -o cmTC_c16ce -rdynamic 
make[1]: Leaving directory '/home/haomeng/projects/MyOpenMP/openmp/build/CMakeFiles/CMakeTmp'

Source file was:
int main(void) { return 0; }
Performing C SOURCE FILE Test LIBOMP_HAVE_WNO_COMMENT_FLAG succeeded with the following output:
Change Dir: /home/haomeng/projects/MyOpenMP/openmp/build/CMakeFiles/CMakeTmp

Run Build Command:"/usr/bin/make" "cmTC_a4c83/fast"
/usr/bin/make -f CMakeFiles/cmTC_a4c83.dir/build.make CMakeFiles/cmTC_a4c83.dir/build
make[1]: Entering directory '/home/haomeng/projects/MyOpenMP/openmp/build/CMakeFiles/CMakeTmp'
Building C object CMakeFiles/cmTC_a4c83.dir/src.c.o
/usr/bin/cc    -DLIBOMP_HAVE_WNO_COMMENT_FLAG   -Wcomment -o CMakeFiles/cmTC_a4c83.dir/src.c.o   -c /home/haomeng/projects/MyOpenMP/openmp/build/CMakeFiles/CMakeTmp/src.c
Linking C executable cmTC_a4c83
/usr/bin/cmake -E cmake_link_script CMakeFiles/cmTC_a4c83.dir/link.txt --verbose=1
/usr/bin/cc   -DLIBOMP_HAVE_WNO_COMMENT_FLAG    CMakeFiles/cmTC_a4c83.dir/src.c.o  -o cmTC_a4c83 -rdynamic 
make[1]: Leaving directory '/home/haomeng/projects/MyOpenMP/openmp/build/CMakeFiles/CMakeTmp'

Source file was:
int main(void) { return 0; }
Performing C SOURCE FILE Test LIBOMP_HAVE_MSSE2_FLAG succeeded with the following output:
Change Dir: /home/haomeng/projects/MyOpenMP/openmp/build/CMakeFiles/CMakeTmp

Run Build Command:"/usr/bin/make" "cmTC_71328/fast"
/usr/bin/make -f CMakeFiles/cmTC_71328.dir/build.make CMakeFiles/cmTC_71328.dir/build
make[1]: Entering directory '/home/haomeng/projects/MyOpenMP/openmp/build/CMakeFiles/CMakeTmp'
Building C object CMakeFiles/cmTC_71328.dir/src.c.o
/usr/bin/cc    -DLIBOMP_HAVE_MSSE2_FLAG   -msse2 -o CMakeFiles/cmTC_71328.dir/src.c.o   -c /home/haomeng/projects/MyOpenMP/openmp/build/CMakeFiles/CMakeTmp/src.c
Linking C executable cmTC_71328
/usr/bin/cmake -E cmake_link_script CMakeFiles/cmTC_71328.dir/link.txt --verbose=1
/usr/bin/cc   -DLIBOMP_HAVE_MSSE2_FLAG    CMakeFiles/cmTC_71328.dir/src.c.o  -o cmTC_71328 -rdynamic 
make[1]: Leaving directory '/home/haomeng/projects/MyOpenMP/openmp/build/CMakeFiles/CMakeTmp'

Source file was:
int main(void) { return 0; }
Performing C SOURCE FILE Test LIBOMP_HAVE_FTLS_MODEL_FLAG succeeded with the following output:
Change Dir: /home/haomeng/projects/MyOpenMP/openmp/build/CMakeFiles/CMakeTmp

Run Build Command:"/usr/bin/make" "cmTC_7c293/fast"
/usr/bin/make -f CMakeFiles/cmTC_7c293.dir/build.make CMakeFiles/cmTC_7c293.dir/build
make[1]: Entering directory '/home/haomeng/projects/MyOpenMP/openmp/build/CMakeFiles/CMakeTmp'
Building C object CMakeFiles/cmTC_7c293.dir/src.c.o
/usr/bin/cc    -DLIBOMP_HAVE_FTLS_MODEL_FLAG   -ftls-model=initial-exec -o CMakeFiles/cmTC_7c293.dir/src.c.o   -c /home/haomeng/projects/MyOpenMP/openmp/build/CMakeFiles/CMakeTmp/src.c
Linking C executable cmTC_7c293
/usr/bin/cmake -E cmake_link_script CMakeFiles/cmTC_7c293.dir/link.txt --verbose=1
/usr/bin/cc   -DLIBOMP_HAVE_FTLS_MODEL_FLAG    CMakeFiles/cmTC_7c293.dir/src.c.o  -o cmTC_7c293 -rdynamic 
make[1]: Leaving directory '/home/haomeng/projects/MyOpenMP/openmp/build/CMakeFiles/CMakeTmp'

Source file was:
int main(void) { return 0; }
Performing C Linker Flag test LIBOMP_HAVE_X_FLAG succeeded with the following output:
Change Dir: /home/haomeng/projects/MyOpenMP/openmp/build/CMakeFiles/CMakeTmp/link_flag_check_LIBOMP_HAVE_X_FLAG/build

Run Build Command:"/usr/bin/make"
Scanning dependencies of target foo
[ 50%] Building C object CMakeFiles/foo.dir/src_to_link.c.o
[100%] Linking C shared library libfoo.so
[100%] Built target foo

Source file was:
int foo(int a) { return a*a; }
Performing C Linker Flag test LIBOMP_HAVE_WARN_SHARED_TEXTREL_FLAG succeeded with the following output:
Change Dir: /home/haomeng/projects/MyOpenMP/openmp/build/CMakeFiles/CMakeTmp/link_flag_check_LIBOMP_HAVE_WARN_SHARED_TEXTREL_FLAG/build

Run Build Command:"/usr/bin/make"
Scanning dependencies of target foo
[ 50%] Building C object CMakeFiles/foo.dir/src_to_link.c.o
[100%] Linking C shared library libfoo.so
[100%] Built target foo

Source file was:
int foo(int a) { return a*a; }
Performing C Linker Flag test LIBOMP_HAVE_AS_NEEDED_FLAG succeeded with the following output:
Change Dir: /home/haomeng/projects/MyOpenMP/openmp/build/CMakeFiles/CMakeTmp/link_flag_check_LIBOMP_HAVE_AS_NEEDED_FLAG/build

Run Build Command:"/usr/bin/make"
Scanning dependencies of target foo
[ 50%] Building C object CMakeFiles/foo.dir/src_to_link.c.o
[100%] Linking C shared library libfoo.so
[100%] Built target foo

Source file was:
int foo(int a) { return a*a; }
Performing C Linker Flag test LIBOMP_HAVE_VERSION_SCRIPT_FLAG succeeded with the following output:
Change Dir: /home/haomeng/projects/MyOpenMP/openmp/build/CMakeFiles/CMakeTmp/link_flag_check_LIBOMP_HAVE_VERSION_SCRIPT_FLAG/build

Run Build Command:"/usr/bin/make"
Scanning dependencies of target foo
[ 50%] Building C object CMakeFiles/foo.dir/src_to_link.c.o
[100%] Linking C shared library libfoo.so
[100%] Built target foo

Source file was:
int foo(int a) { return a*a; }
Performing C Linker Flag test LIBOMP_HAVE_STATIC_LIBGCC_FLAG succeeded with the following output:
Change Dir: /home/haomeng/projects/MyOpenMP/openmp/build/CMakeFiles/CMakeTmp/link_flag_check_LIBOMP_HAVE_STATIC_LIBGCC_FLAG/build

Run Build Command:"/usr/bin/make"
Scanning dependencies of target foo
[ 50%] Building C object CMakeFiles/foo.dir/src_to_link.c.o
[100%] Linking C shared library libfoo.so
[100%] Built target foo

Source file was:
int foo(int a) { return a*a; }
Performing C Linker Flag test LIBOMP_HAVE_Z_NOEXECSTACK_FLAG succeeded with the following output:
Change Dir: /home/haomeng/projects/MyOpenMP/openmp/build/CMakeFiles/CMakeTmp/link_flag_check_LIBOMP_HAVE_Z_NOEXECSTACK_FLAG/build

Run Build Command:"/usr/bin/make"
Scanning dependencies of target foo
[ 50%] Building C object CMakeFiles/foo.dir/src_to_link.c.o
[100%] Linking C shared library libfoo.so
[100%] Built target foo

Source file was:
int foo(int a) { return a*a; }
Performing C Linker Flag test LIBOMP_HAVE_FINI_FLAG succeeded with the following output:
Change Dir: /home/haomeng/projects/MyOpenMP/openmp/build/CMakeFiles/CMakeTmp/link_flag_check_LIBOMP_HAVE_FINI_FLAG/build

Run Build Command:"/usr/bin/make"
Scanning dependencies of target foo
[ 50%] Building C object CMakeFiles/foo.dir/src_to_link.c.o
[100%] Linking C shared library libfoo.so
[100%] Built target foo

Source file was:
int foo(int a) { return a*a; }
Determining if the include file pthread.h exists passed with the following output:
Change Dir: /home/haomeng/projects/MyOpenMP/openmp/build/CMakeFiles/CMakeTmp

Run Build Command:"/usr/bin/make" "cmTC_161e1/fast"
/usr/bin/make -f CMakeFiles/cmTC_161e1.dir/build.make CMakeFiles/cmTC_161e1.dir/build
make[1]: Entering directory '/home/haomeng/projects/MyOpenMP/openmp/build/CMakeFiles/CMakeTmp'
Building C object CMakeFiles/cmTC_161e1.dir/CheckIncludeFile.c.o
/usr/bin/cc     -o CMakeFiles/cmTC_161e1.dir/CheckIncludeFile.c.o   -c /home/haomeng/projects/MyOpenMP/openmp/build/CMakeFiles/CMakeTmp/CheckIncludeFile.c
Linking C executable cmTC_161e1
/usr/bin/cmake -E cmake_link_script CMakeFiles/cmTC_161e1.dir/link.txt --verbose=1
/usr/bin/cc       CMakeFiles/cmTC_161e1.dir/CheckIncludeFile.c.o  -o cmTC_161e1 -rdynamic 
make[1]: Leaving directory '/home/haomeng/projects/MyOpenMP/openmp/build/CMakeFiles/CMakeTmp'


Determining if the function pthread_create exists in the pthread passed with the following output:
Change Dir: /home/haomeng/projects/MyOpenMP/openmp/build/CMakeFiles/CMakeTmp

Run Build Command:"/usr/bin/make" "cmTC_cb1c7/fast"
/usr/bin/make -f CMakeFiles/cmTC_cb1c7.dir/build.make CMakeFiles/cmTC_cb1c7.dir/build
make[1]: Entering directory '/home/haomeng/projects/MyOpenMP/openmp/build/CMakeFiles/CMakeTmp'
Building C object CMakeFiles/cmTC_cb1c7.dir/CheckFunctionExists.c.o
/usr/bin/cc    -DCHECK_FUNCTION_EXISTS=pthread_create   -o CMakeFiles/cmTC_cb1c7.dir/CheckFunctionExists.c.o   -c /usr/share/cmake-3.5/Modules/CheckFunctionExists.c
Linking C executable cmTC_cb1c7
/usr/bin/cmake -E cmake_link_script CMakeFiles/cmTC_cb1c7.dir/link.txt --verbose=1
/usr/bin/cc   -DCHECK_FUNCTION_EXISTS=pthread_create    CMakeFiles/cmTC_cb1c7.dir/CheckFunctionExists.c.o  -o cmTC_cb1c7 -rdynamic -lpthread 
make[1]: Leaving directory '/home/haomeng/projects/MyOpenMP/openmp/build/CMakeFiles/CMakeTmp'


Performing C SOURCE FILE Test LIBOMP_HAVE_VERSION_SYMBOLS succeeded with the following output:
Change Dir: /home/haomeng/projects/MyOpenMP/openmp/build/CMakeFiles/CMakeTmp

Run Build Command:"/usr/bin/make" "cmTC_b488a/fast"
/usr/bin/make -f CMakeFiles/cmTC_b488a.dir/build.make CMakeFiles/cmTC_b488a.dir/build
make[1]: Entering directory '/home/haomeng/projects/MyOpenMP/openmp/build/CMakeFiles/CMakeTmp'
Building C object CMakeFiles/cmTC_b488a.dir/src.c.o
/usr/bin/cc    -DLIBOMP_HAVE_VERSION_SYMBOLS -Wl,--version-script=/home/haomeng/projects/MyOpenMP/openmp/build/runtime/__version_script.txt   -o CMakeFiles/cmTC_b488a.dir/src.c.o   -c /home/haomeng/projects/MyOpenMP/openmp/build/CMakeFiles/CMakeTmp/src.c
Linking C executable cmTC_b488a
/usr/bin/cmake -E cmake_link_script CMakeFiles/cmTC_b488a.dir/link.txt --verbose=1
/usr/bin/cc   -DLIBOMP_HAVE_VERSION_SYMBOLS -Wl,--version-script=/home/haomeng/projects/MyOpenMP/openmp/build/runtime/__version_script.txt    CMakeFiles/cmTC_b488a.dir/src.c.o  -o cmTC_b488a -rdynamic 
make[1]: Leaving directory '/home/haomeng/projects/MyOpenMP/openmp/build/CMakeFiles/CMakeTmp'

Source file was:
#include <stdio.h>
    void func1() { printf("Hello"); }
    void func2() { printf("World"); }
    __asm__(".symver func1, func@VER1");
    __asm__(".symver func2, func@VER2");
    int main() {
      func1();
      func2();
      return 0;
    }
Performing C SOURCE FILE Test LIBOMP_HAVE___BUILTIN_FRAME_ADDRESS succeeded with the following output:
Change Dir: /home/haomeng/projects/MyOpenMP/openmp/build/CMakeFiles/CMakeTmp

Run Build Command:"/usr/bin/make" "cmTC_c97f3/fast"
/usr/bin/make -f CMakeFiles/cmTC_c97f3.dir/build.make CMakeFiles/cmTC_c97f3.dir/build
make[1]: Entering directory '/home/haomeng/projects/MyOpenMP/openmp/build/CMakeFiles/CMakeTmp'
Building C object CMakeFiles/cmTC_c97f3.dir/src.c.o
/usr/bin/cc    -DLIBOMP_HAVE___BUILTIN_FRAME_ADDRESS   -o CMakeFiles/cmTC_c97f3.dir/src.c.o   -c /home/haomeng/projects/MyOpenMP/openmp/build/CMakeFiles/CMakeTmp/src.c
Linking C executable cmTC_c97f3
/usr/bin/cmake -E cmake_link_script CMakeFiles/cmTC_c97f3.dir/link.txt --verbose=1
/usr/bin/cc   -DLIBOMP_HAVE___BUILTIN_FRAME_ADDRESS    CMakeFiles/cmTC_c97f3.dir/src.c.o  -o cmTC_c97f3 -rdynamic 
make[1]: Leaving directory '/home/haomeng/projects/MyOpenMP/openmp/build/CMakeFiles/CMakeTmp'

Source file was:
int main(int argc, char** argv) {
  void* p = __builtin_frame_address(0);
  return 0;}
Performing C SOURCE FILE Test LIBOMP_HAVE_WEAK_ATTRIBUTE succeeded with the following output:
Change Dir: /home/haomeng/projects/MyOpenMP/openmp/build/CMakeFiles/CMakeTmp

Run Build Command:"/usr/bin/make" "cmTC_1f41d/fast"
/usr/bin/make -f CMakeFiles/cmTC_1f41d.dir/build.make CMakeFiles/cmTC_1f41d.dir/build
make[1]: Entering directory '/home/haomeng/projects/MyOpenMP/openmp/build/CMakeFiles/CMakeTmp'
Building C object CMakeFiles/cmTC_1f41d.dir/src.c.o
/usr/bin/cc    -DLIBOMP_HAVE_WEAK_ATTRIBUTE   -o CMakeFiles/cmTC_1f41d.dir/src.c.o   -c /home/haomeng/projects/MyOpenMP/openmp/build/CMakeFiles/CMakeTmp/src.c
Linking C executable cmTC_1f41d
/usr/bin/cmake -E cmake_link_script CMakeFiles/cmTC_1f41d.dir/link.txt --verbose=1
/usr/bin/cc   -DLIBOMP_HAVE_WEAK_ATTRIBUTE    CMakeFiles/cmTC_1f41d.dir/src.c.o  -o cmTC_1f41d -rdynamic 
make[1]: Leaving directory '/home/haomeng/projects/MyOpenMP/openmp/build/CMakeFiles/CMakeTmp'

Source file was:
__attribute__ ((weak)) int foo(int a) { return a*a; }
  int main(int argc, char** argv) {
  return foo(argc);}
Determining if the function sqrt exists in the m passed with the following output:
Change Dir: /home/haomeng/projects/MyOpenMP/openmp/build/CMakeFiles/CMakeTmp

Run Build Command:"/usr/bin/make" "cmTC_14eeb/fast"
/usr/bin/make -f CMakeFiles/cmTC_14eeb.dir/build.make CMakeFiles/cmTC_14eeb.dir/build
make[1]: Entering directory '/home/haomeng/projects/MyOpenMP/openmp/build/CMakeFiles/CMakeTmp'
Building C object CMakeFiles/cmTC_14eeb.dir/CheckFunctionExists.c.o
/usr/bin/cc    -DCHECK_FUNCTION_EXISTS=sqrt   -o CMakeFiles/cmTC_14eeb.dir/CheckFunctionExists.c.o   -c /usr/share/cmake-3.5/Modules/CheckFunctionExists.c
<command-line>:0:23: warning: conflicting types for built-in function sqrt
/usr/share/cmake-3.5/Modules/CheckFunctionExists.c:6:6: note: in expansion of macro CHECK_FUNCTION_EXISTS
 char CHECK_FUNCTION_EXISTS();
      ^
Linking C executable cmTC_14eeb
/usr/bin/cmake -E cmake_link_script CMakeFiles/cmTC_14eeb.dir/link.txt --verbose=1
/usr/bin/cc   -DCHECK_FUNCTION_EXISTS=sqrt    CMakeFiles/cmTC_14eeb.dir/CheckFunctionExists.c.o  -o cmTC_14eeb -rdynamic -lm 
make[1]: Leaving directory '/home/haomeng/projects/MyOpenMP/openmp/build/CMakeFiles/CMakeTmp'


Determining if the function __atomic_load_1 exists in the atomic passed with the following output:
Change Dir: /home/haomeng/projects/MyOpenMP/openmp/build/CMakeFiles/CMakeTmp

Run Build Command:"/usr/bin/make" "cmTC_23d14/fast"
/usr/bin/make -f CMakeFiles/cmTC_23d14.dir/build.make CMakeFiles/cmTC_23d14.dir/build
make[1]: Entering directory '/home/haomeng/projects/MyOpenMP/openmp/build/CMakeFiles/CMakeTmp'
Building C object CMakeFiles/cmTC_23d14.dir/CheckFunctionExists.c.o
/usr/bin/cc    -DCHECK_FUNCTION_EXISTS=__atomic_load_1   -o CMakeFiles/cmTC_23d14.dir/CheckFunctionExists.c.o   -c /usr/share/cmake-3.5/Modules/CheckFunctionExists.c
<command-line>:0:23: warning: conflicting types for built-in function __atomic_load_1
/usr/share/cmake-3.5/Modules/CheckFunctionExists.c:6:6: note: in expansion of macro CHECK_FUNCTION_EXISTS
 char CHECK_FUNCTION_EXISTS();
      ^
Linking C executable cmTC_23d14
/usr/bin/cmake -E cmake_link_script CMakeFiles/cmTC_23d14.dir/link.txt --verbose=1
/usr/bin/cc   -DCHECK_FUNCTION_EXISTS=__atomic_load_1    CMakeFiles/cmTC_23d14.dir/CheckFunctionExists.c.o  -o cmTC_23d14 -rdynamic -latomic 
make[1]: Leaving directory '/home/haomeng/projects/MyOpenMP/openmp/build/CMakeFiles/CMakeTmp'


