Performing C SOURCE FILE Test LIBOMP_HAVE_WNO_UNUSED_LOCAL_TYPEDEF_FLAG failed with the following output:
Change Dir: /home/haomeng/projects/MyOpenMP/openmp/build/CMakeFiles/CMakeTmp

Run Build Command:"/usr/bin/make" "cmTC_9d613/fast"
/usr/bin/make -f CMakeFiles/cmTC_9d613.dir/build.make CMakeFiles/cmTC_9d613.dir/build
make[1]: Entering directory '/home/haomeng/projects/MyOpenMP/openmp/build/CMakeFiles/CMakeTmp'
Building C object CMakeFiles/cmTC_9d613.dir/src.c.o
/usr/bin/cc    -DLIBOMP_HAVE_WNO_UNUSED_LOCAL_TYPEDEF_FLAG   -Wunused-local-typedef -o CMakeFiles/cmTC_9d613.dir/src.c.o   -c /home/haomeng/projects/MyOpenMP/openmp/build/CMakeFiles/CMakeTmp/src.c
cc: error: unrecognized command line option '-Wunused-local-typedef'
CMakeFiles/cmTC_9d613.dir/build.make:65: recipe for target 'CMakeFiles/cmTC_9d613.dir/src.c.o' failed
make[1]: *** [CMakeFiles/cmTC_9d613.dir/src.c.o] Error 1
make[1]: Leaving directory '/home/haomeng/projects/MyOpenMP/openmp/build/CMakeFiles/CMakeTmp'
Makefile:126: recipe for target 'cmTC_9d613/fast' failed
make: *** [cmTC_9d613/fast] Error 2

Source file was:
int main(void) { return 0; }
Performing C SOURCE FILE Test LIBOMP_HAVE_WNO_COVERED_SWITCH_DEFAULT_FLAG failed with the following output:
Change Dir: /home/haomeng/projects/MyOpenMP/openmp/build/CMakeFiles/CMakeTmp

Run Build Command:"/usr/bin/make" "cmTC_d11b5/fast"
/usr/bin/make -f CMakeFiles/cmTC_d11b5.dir/build.make CMakeFiles/cmTC_d11b5.dir/build
make[1]: Entering directory '/home/haomeng/projects/MyOpenMP/openmp/build/CMakeFiles/CMakeTmp'
Building C object CMakeFiles/cmTC_d11b5.dir/src.c.o
/usr/bin/cc    -DLIBOMP_HAVE_WNO_COVERED_SWITCH_DEFAULT_FLAG   -Wcovered-switch-default -o CMakeFiles/cmTC_d11b5.dir/src.c.o   -c /home/haomeng/projects/MyOpenMP/openmp/build/CMakeFiles/CMakeTmp/src.c
cc: error: unrecognized command line option '-Wcovered-switch-default'
CMakeFiles/cmTC_d11b5.dir/build.make:65: recipe for target 'CMakeFiles/cmTC_d11b5.dir/src.c.o' failed
make[1]: *** [CMakeFiles/cmTC_d11b5.dir/src.c.o] Error 1
make[1]: Leaving directory '/home/haomeng/projects/MyOpenMP/openmp/build/CMakeFiles/CMakeTmp'
Makefile:126: recipe for target 'cmTC_d11b5/fast' failed
make: *** [cmTC_d11b5/fast] Error 2

Source file was:
int main(void) { return 0; }
Performing C SOURCE FILE Test LIBOMP_HAVE_WNO_DEPRECATED_REGISTER_FLAG failed with the following output:
Change Dir: /home/haomeng/projects/MyOpenMP/openmp/build/CMakeFiles/CMakeTmp

Run Build Command:"/usr/bin/make" "cmTC_2c6e2/fast"
/usr/bin/make -f CMakeFiles/cmTC_2c6e2.dir/build.make CMakeFiles/cmTC_2c6e2.dir/build
make[1]: Entering directory '/home/haomeng/projects/MyOpenMP/openmp/build/CMakeFiles/CMakeTmp'
Building C object CMakeFiles/cmTC_2c6e2.dir/src.c.o
/usr/bin/cc    -DLIBOMP_HAVE_WNO_DEPRECATED_REGISTER_FLAG   -Wdeprecated-register -o CMakeFiles/cmTC_2c6e2.dir/src.c.o   -c /home/haomeng/projects/MyOpenMP/openmp/build/CMakeFiles/CMakeTmp/src.c
cc: error: unrecognized command line option '-Wdeprecated-register'
CMakeFiles/cmTC_2c6e2.dir/build.make:65: recipe for target 'CMakeFiles/cmTC_2c6e2.dir/src.c.o' failed
make[1]: *** [CMakeFiles/cmTC_2c6e2.dir/src.c.o] Error 1
make[1]: Leaving directory '/home/haomeng/projects/MyOpenMP/openmp/build/CMakeFiles/CMakeTmp'
Makefile:126: recipe for target 'cmTC_2c6e2/fast' failed
make: *** [cmTC_2c6e2/fast] Error 2

Source file was:
int main(void) { return 0; }
Performing C SOURCE FILE Test LIBOMP_HAVE_WNO_GNU_ANONYMOUS_STRUCT_FLAG failed with the following output:
Change Dir: /home/haomeng/projects/MyOpenMP/openmp/build/CMakeFiles/CMakeTmp

Run Build Command:"/usr/bin/make" "cmTC_1fe1d/fast"
/usr/bin/make -f CMakeFiles/cmTC_1fe1d.dir/build.make CMakeFiles/cmTC_1fe1d.dir/build
make[1]: Entering directory '/home/haomeng/projects/MyOpenMP/openmp/build/CMakeFiles/CMakeTmp'
Building C object CMakeFiles/cmTC_1fe1d.dir/src.c.o
/usr/bin/cc    -DLIBOMP_HAVE_WNO_GNU_ANONYMOUS_STRUCT_FLAG   -Wgnu-anonymous-struct -o CMakeFiles/cmTC_1fe1d.dir/src.c.o   -c /home/haomeng/projects/MyOpenMP/openmp/build/CMakeFiles/CMakeTmp/src.c
cc: error: unrecognized command line option '-Wgnu-anonymous-struct'
CMakeFiles/cmTC_1fe1d.dir/build.make:65: recipe for target 'CMakeFiles/cmTC_1fe1d.dir/src.c.o' failed
make[1]: *** [CMakeFiles/cmTC_1fe1d.dir/src.c.o] Error 1
make[1]: Leaving directory '/home/haomeng/projects/MyOpenMP/openmp/build/CMakeFiles/CMakeTmp'
Makefile:126: recipe for target 'cmTC_1fe1d/fast' failed
make: *** [cmTC_1fe1d/fast] Error 2

Source file was:
int main(void) { return 0; }
Performing C SOURCE FILE Test LIBOMP_HAVE_WNO_SELF_ASSIGN_FLAG failed with the following output:
Change Dir: /home/haomeng/projects/MyOpenMP/openmp/build/CMakeFiles/CMakeTmp

Run Build Command:"/usr/bin/make" "cmTC_5e0a8/fast"
/usr/bin/make -f CMakeFiles/cmTC_5e0a8.dir/build.make CMakeFiles/cmTC_5e0a8.dir/build
make[1]: Entering directory '/home/haomeng/projects/MyOpenMP/openmp/build/CMakeFiles/CMakeTmp'
Building C object CMakeFiles/cmTC_5e0a8.dir/src.c.o
/usr/bin/cc    -DLIBOMP_HAVE_WNO_SELF_ASSIGN_FLAG   -Wself-assign -o CMakeFiles/cmTC_5e0a8.dir/src.c.o   -c /home/haomeng/projects/MyOpenMP/openmp/build/CMakeFiles/CMakeTmp/src.c
cc: error: unrecognized command line option '-Wself-assign'
CMakeFiles/cmTC_5e0a8.dir/build.make:65: recipe for target 'CMakeFiles/cmTC_5e0a8.dir/src.c.o' failed
make[1]: *** [CMakeFiles/cmTC_5e0a8.dir/src.c.o] Error 1
make[1]: Leaving directory '/home/haomeng/projects/MyOpenMP/openmp/build/CMakeFiles/CMakeTmp'
Makefile:126: recipe for target 'cmTC_5e0a8/fast' failed
make: *** [cmTC_5e0a8/fast] Error 2

Source file was:
int main(void) { return 0; }
Performing C SOURCE FILE Test LIBOMP_HAVE_WNO_VLA_EXTENSION_FLAG failed with the following output:
Change Dir: /home/haomeng/projects/MyOpenMP/openmp/build/CMakeFiles/CMakeTmp

Run Build Command:"/usr/bin/make" "cmTC_14770/fast"
/usr/bin/make -f CMakeFiles/cmTC_14770.dir/build.make CMakeFiles/cmTC_14770.dir/build
make[1]: Entering directory '/home/haomeng/projects/MyOpenMP/openmp/build/CMakeFiles/CMakeTmp'
Building C object CMakeFiles/cmTC_14770.dir/src.c.o
/usr/bin/cc    -DLIBOMP_HAVE_WNO_VLA_EXTENSION_FLAG   -Wvla-extension -o CMakeFiles/cmTC_14770.dir/src.c.o   -c /home/haomeng/projects/MyOpenMP/openmp/build/CMakeFiles/CMakeTmp/src.c
cc: error: unrecognized command line option '-Wvla-extension'
CMakeFiles/cmTC_14770.dir/build.make:65: recipe for target 'CMakeFiles/cmTC_14770.dir/src.c.o' failed
make[1]: *** [CMakeFiles/cmTC_14770.dir/src.c.o] Error 1
make[1]: Leaving directory '/home/haomeng/projects/MyOpenMP/openmp/build/CMakeFiles/CMakeTmp'
Makefile:126: recipe for target 'cmTC_14770/fast' failed
make: *** [cmTC_14770/fast] Error 2

Source file was:
int main(void) { return 0; }
Performing C SOURCE FILE Test LIBOMP_HAVE_WNO_FORMAT_PEDANTIC_FLAG failed with the following output:
Change Dir: /home/haomeng/projects/MyOpenMP/openmp/build/CMakeFiles/CMakeTmp

Run Build Command:"/usr/bin/make" "cmTC_3c048/fast"
/usr/bin/make -f CMakeFiles/cmTC_3c048.dir/build.make CMakeFiles/cmTC_3c048.dir/build
make[1]: Entering directory '/home/haomeng/projects/MyOpenMP/openmp/build/CMakeFiles/CMakeTmp'
Building C object CMakeFiles/cmTC_3c048.dir/src.c.o
/usr/bin/cc    -DLIBOMP_HAVE_WNO_FORMAT_PEDANTIC_FLAG   -Wformat-pedantic -o CMakeFiles/cmTC_3c048.dir/src.c.o   -c /home/haomeng/projects/MyOpenMP/openmp/build/CMakeFiles/CMakeTmp/src.c
cc: error: unrecognized command line option '-Wformat-pedantic'
CMakeFiles/cmTC_3c048.dir/build.make:65: recipe for target 'CMakeFiles/cmTC_3c048.dir/src.c.o' failed
make[1]: *** [CMakeFiles/cmTC_3c048.dir/src.c.o] Error 1
make[1]: Leaving directory '/home/haomeng/projects/MyOpenMP/openmp/build/CMakeFiles/CMakeTmp'
Makefile:126: recipe for target 'cmTC_3c048/fast' failed
make: *** [cmTC_3c048/fast] Error 2

Source file was:
int main(void) { return 0; }
Performing C SOURCE FILE Test LIBOMP_HAVE_MMIC_FLAG failed with the following output:
Change Dir: /home/haomeng/projects/MyOpenMP/openmp/build/CMakeFiles/CMakeTmp

Run Build Command:"/usr/bin/make" "cmTC_98c00/fast"
/usr/bin/make -f CMakeFiles/cmTC_98c00.dir/build.make CMakeFiles/cmTC_98c00.dir/build
make[1]: Entering directory '/home/haomeng/projects/MyOpenMP/openmp/build/CMakeFiles/CMakeTmp'
Building C object CMakeFiles/cmTC_98c00.dir/src.c.o
/usr/bin/cc    -DLIBOMP_HAVE_MMIC_FLAG -mmic   -mmic -o CMakeFiles/cmTC_98c00.dir/src.c.o   -c /home/haomeng/projects/MyOpenMP/openmp/build/CMakeFiles/CMakeTmp/src.c
cc: error: unrecognized command line option '-mmic'
cc: error: unrecognized command line option '-mmic'
CMakeFiles/cmTC_98c00.dir/build.make:65: recipe for target 'CMakeFiles/cmTC_98c00.dir/src.c.o' failed
make[1]: *** [CMakeFiles/cmTC_98c00.dir/src.c.o] Error 1
make[1]: Leaving directory '/home/haomeng/projects/MyOpenMP/openmp/build/CMakeFiles/CMakeTmp'
Makefile:126: recipe for target 'cmTC_98c00/fast' failed
make: *** [cmTC_98c00/fast] Error 2

Source file was:
int main(void) { return 0; }
Performing C SOURCE FILE Test LIBOMP_HAVE_M32_FLAG failed with the following output:
Change Dir: /home/haomeng/projects/MyOpenMP/openmp/build/CMakeFiles/CMakeTmp

Run Build Command:"/usr/bin/make" "cmTC_ae2e4/fast"
/usr/bin/make -f CMakeFiles/cmTC_ae2e4.dir/build.make CMakeFiles/cmTC_ae2e4.dir/build
make[1]: Entering directory '/home/haomeng/projects/MyOpenMP/openmp/build/CMakeFiles/CMakeTmp'
Building C object CMakeFiles/cmTC_ae2e4.dir/src.c.o
/usr/bin/cc    -DLIBOMP_HAVE_M32_FLAG -m32   -m32 -o CMakeFiles/cmTC_ae2e4.dir/src.c.o   -c /home/haomeng/projects/MyOpenMP/openmp/build/CMakeFiles/CMakeTmp/src.c
Linking C executable cmTC_ae2e4
/usr/bin/cmake -E cmake_link_script CMakeFiles/cmTC_ae2e4.dir/link.txt --verbose=1
/usr/bin/cc   -DLIBOMP_HAVE_M32_FLAG -m32    CMakeFiles/cmTC_ae2e4.dir/src.c.o  -o cmTC_ae2e4 -rdynamic 
/usr/bin/ld: cannot find crt1.o: No such file or directory
/usr/bin/ld: cannot find crti.o: No such file or directory
/usr/bin/ld: skipping incompatible /usr/lib/gcc/x86_64-linux-gnu/5/libgcc.a when searching for -lgcc
/usr/bin/ld: cannot find -lgcc
/usr/bin/ld: skipping incompatible /usr/lib/gcc/x86_64-linux-gnu/5/libgcc_s.so when searching for -lgcc_s
/usr/bin/ld: cannot find -lgcc_s
/usr/bin/ld: cannot find -lc
/usr/bin/ld: skipping incompatible /usr/lib/gcc/x86_64-linux-gnu/5/libgcc.a when searching for -lgcc
/usr/bin/ld: cannot find -lgcc
/usr/bin/ld: skipping incompatible /usr/lib/gcc/x86_64-linux-gnu/5/libgcc_s.so when searching for -lgcc_s
/usr/bin/ld: cannot find -lgcc_s
/usr/bin/ld: cannot find crtn.o: No such file or directory
collect2: error: ld returned 1 exit status
CMakeFiles/cmTC_ae2e4.dir/build.make:97: recipe for target 'cmTC_ae2e4' failed
make[1]: *** [cmTC_ae2e4] Error 1
make[1]: Leaving directory '/home/haomeng/projects/MyOpenMP/openmp/build/CMakeFiles/CMakeTmp'
Makefile:126: recipe for target 'cmTC_ae2e4/fast' failed
make: *** [cmTC_ae2e4/fast] Error 2

Source file was:
int main(void) { return 0; }
Determining if the pthread_create exist failed with the following output:
Change Dir: /home/haomeng/projects/MyOpenMP/openmp/build/CMakeFiles/CMakeTmp

Run Build Command:"/usr/bin/make" "cmTC_bbb81/fast"
/usr/bin/make -f CMakeFiles/cmTC_bbb81.dir/build.make CMakeFiles/cmTC_bbb81.dir/build
make[1]: Entering directory '/home/haomeng/projects/MyOpenMP/openmp/build/CMakeFiles/CMakeTmp'
Building C object CMakeFiles/cmTC_bbb81.dir/CheckSymbolExists.c.o
/usr/bin/cc     -o CMakeFiles/cmTC_bbb81.dir/CheckSymbolExists.c.o   -c /home/haomeng/projects/MyOpenMP/openmp/build/CMakeFiles/CMakeTmp/CheckSymbolExists.c
Linking C executable cmTC_bbb81
/usr/bin/cmake -E cmake_link_script CMakeFiles/cmTC_bbb81.dir/link.txt --verbose=1
/usr/bin/cc       CMakeFiles/cmTC_bbb81.dir/CheckSymbolExists.c.o  -o cmTC_bbb81 -rdynamic 
CMakeFiles/cmTC_bbb81.dir/CheckSymbolExists.c.o: In function `main':
CheckSymbolExists.c:(.text+0x16): undefined reference to `pthread_create'
collect2: error: ld returned 1 exit status
CMakeFiles/cmTC_bbb81.dir/build.make:97: recipe for target 'cmTC_bbb81' failed
make[1]: *** [cmTC_bbb81] Error 1
make[1]: Leaving directory '/home/haomeng/projects/MyOpenMP/openmp/build/CMakeFiles/CMakeTmp'
Makefile:126: recipe for target 'cmTC_bbb81/fast' failed
make: *** [cmTC_bbb81/fast] Error 2

File /home/haomeng/projects/MyOpenMP/openmp/build/CMakeFiles/CMakeTmp/CheckSymbolExists.c:
/* */
#include <pthread.h>

int main(int argc, char** argv)
{
  (void)argv;
#ifndef pthread_create
  return ((int*)(&pthread_create))[argc];
#else
  (void)argc;
  return 0;
#endif
}

Determining if the function pthread_create exists in the pthreads failed with the following output:
Change Dir: /home/haomeng/projects/MyOpenMP/openmp/build/CMakeFiles/CMakeTmp

Run Build Command:"/usr/bin/make" "cmTC_d643c/fast"
/usr/bin/make -f CMakeFiles/cmTC_d643c.dir/build.make CMakeFiles/cmTC_d643c.dir/build
make[1]: Entering directory '/home/haomeng/projects/MyOpenMP/openmp/build/CMakeFiles/CMakeTmp'
Building C object CMakeFiles/cmTC_d643c.dir/CheckFunctionExists.c.o
/usr/bin/cc    -DCHECK_FUNCTION_EXISTS=pthread_create   -o CMakeFiles/cmTC_d643c.dir/CheckFunctionExists.c.o   -c /usr/share/cmake-3.5/Modules/CheckFunctionExists.c
Linking C executable cmTC_d643c
/usr/bin/cmake -E cmake_link_script CMakeFiles/cmTC_d643c.dir/link.txt --verbose=1
/usr/bin/cc   -DCHECK_FUNCTION_EXISTS=pthread_create    CMakeFiles/cmTC_d643c.dir/CheckFunctionExists.c.o  -o cmTC_d643c -rdynamic -lpthreads 
/usr/bin/ld: cannot find -lpthreads
collect2: error: ld returned 1 exit status
CMakeFiles/cmTC_d643c.dir/build.make:97: recipe for target 'cmTC_d643c' failed
make[1]: *** [cmTC_d643c] Error 1
make[1]: Leaving directory '/home/haomeng/projects/MyOpenMP/openmp/build/CMakeFiles/CMakeTmp'
Makefile:126: recipe for target 'cmTC_d643c/fast' failed
make: *** [cmTC_d643c/fast] Error 2


Determining if files windows.h;psapi.h exist failed with the following output:
Change Dir: /home/haomeng/projects/MyOpenMP/openmp/build/CMakeFiles/CMakeTmp

Run Build Command:"/usr/bin/make" "cmTC_2dfca/fast"
/usr/bin/make -f CMakeFiles/cmTC_2dfca.dir/build.make CMakeFiles/cmTC_2dfca.dir/build
make[1]: Entering directory '/home/haomeng/projects/MyOpenMP/openmp/build/CMakeFiles/CMakeTmp'
Building C object CMakeFiles/cmTC_2dfca.dir/CheckIncludeFiles.c.o
/usr/bin/cc     -o CMakeFiles/cmTC_2dfca.dir/CheckIncludeFiles.c.o   -c /home/haomeng/projects/MyOpenMP/openmp/build/CMakeFiles/CMakeTmp/CheckIncludeFiles.c
/home/haomeng/projects/MyOpenMP/openmp/build/CMakeFiles/CMakeTmp/CheckIncludeFiles.c:2:21: fatal error: windows.h: No such file or directory
compilation terminated.
CMakeFiles/cmTC_2dfca.dir/build.make:65: recipe for target 'CMakeFiles/cmTC_2dfca.dir/CheckIncludeFiles.c.o' failed
make[1]: *** [CMakeFiles/cmTC_2dfca.dir/CheckIncludeFiles.c.o] Error 1
make[1]: Leaving directory '/home/haomeng/projects/MyOpenMP/openmp/build/CMakeFiles/CMakeTmp'
Makefile:126: recipe for target 'cmTC_2dfca/fast' failed
make: *** [cmTC_2dfca/fast] Error 2

Source:
/* */
#include <windows.h>
#include <psapi.h>


int main(void){return 0;}

Determining if the function EnumProcessModules exists in the psapi failed with the following output:
Change Dir: /home/haomeng/projects/MyOpenMP/openmp/build/CMakeFiles/CMakeTmp

Run Build Command:"/usr/bin/make" "cmTC_dddb0/fast"
/usr/bin/make -f CMakeFiles/cmTC_dddb0.dir/build.make CMakeFiles/cmTC_dddb0.dir/build
make[1]: Entering directory '/home/haomeng/projects/MyOpenMP/openmp/build/CMakeFiles/CMakeTmp'
Building C object CMakeFiles/cmTC_dddb0.dir/CheckFunctionExists.c.o
/usr/bin/cc    -DCHECK_FUNCTION_EXISTS=EnumProcessModules   -o CMakeFiles/cmTC_dddb0.dir/CheckFunctionExists.c.o   -c /usr/share/cmake-3.5/Modules/CheckFunctionExists.c
Linking C executable cmTC_dddb0
/usr/bin/cmake -E cmake_link_script CMakeFiles/cmTC_dddb0.dir/link.txt --verbose=1
/usr/bin/cc   -DCHECK_FUNCTION_EXISTS=EnumProcessModules    CMakeFiles/cmTC_dddb0.dir/CheckFunctionExists.c.o  -o cmTC_dddb0 -rdynamic -lpsapi 
/usr/bin/ld: cannot find -lpsapi
collect2: error: ld returned 1 exit status
CMakeFiles/cmTC_dddb0.dir/build.make:97: recipe for target 'cmTC_dddb0' failed
make[1]: *** [cmTC_dddb0] Error 1
make[1]: Leaving directory '/home/haomeng/projects/MyOpenMP/openmp/build/CMakeFiles/CMakeTmp'
Makefile:126: recipe for target 'cmTC_dddb0/fast' failed
make: *** [cmTC_dddb0/fast] Error 2


Determining if the function __atomic_load_1 exists failed with the following output:
Change Dir: /home/haomeng/projects/MyOpenMP/openmp/build/CMakeFiles/CMakeTmp

Run Build Command:"/usr/bin/make" "cmTC_abdb7/fast"
/usr/bin/make -f CMakeFiles/cmTC_abdb7.dir/build.make CMakeFiles/cmTC_abdb7.dir/build
make[1]: Entering directory '/home/haomeng/projects/MyOpenMP/openmp/build/CMakeFiles/CMakeTmp'
Building C object CMakeFiles/cmTC_abdb7.dir/CheckFunctionExists.c.o
/usr/bin/cc    -DCHECK_FUNCTION_EXISTS=__atomic_load_1   -o CMakeFiles/cmTC_abdb7.dir/CheckFunctionExists.c.o   -c /usr/share/cmake-3.5/Modules/CheckFunctionExists.c
<command-line>:0:23: warning: conflicting types for built-in function ‘__atomic_load_1’
/usr/share/cmake-3.5/Modules/CheckFunctionExists.c:6:6: note: in expansion of macro ‘CHECK_FUNCTION_EXISTS’
 char CHECK_FUNCTION_EXISTS();
      ^
Linking C executable cmTC_abdb7
/usr/bin/cmake -E cmake_link_script CMakeFiles/cmTC_abdb7.dir/link.txt --verbose=1
/usr/bin/cc   -DCHECK_FUNCTION_EXISTS=__atomic_load_1    CMakeFiles/cmTC_abdb7.dir/CheckFunctionExists.c.o  -o cmTC_abdb7 -rdynamic 
CMakeFiles/cmTC_abdb7.dir/CheckFunctionExists.c.o: In function `main':
CheckFunctionExists.c:(.text+0x15): undefined reference to `__atomic_load_1'
collect2: error: ld returned 1 exit status
CMakeFiles/cmTC_abdb7.dir/build.make:97: recipe for target 'cmTC_abdb7' failed
make[1]: *** [cmTC_abdb7] Error 1
make[1]: Leaving directory '/home/haomeng/projects/MyOpenMP/openmp/build/CMakeFiles/CMakeTmp'
Makefile:126: recipe for target 'cmTC_abdb7/fast' failed
make: *** [cmTC_abdb7/fast] Error 2


